C:\USERS\BJöRNLIGAN\DOCUMENTS\PLAYGROUND\X64\DEBUG\MAIN.OBJ
C:\USERS\BJÖRNLIGAN\DOCUMENTS\PLAYGROUND\X64\DEBUG\VC110.PDB
C:\Users\Björnligan\Documents\Playground\x64\Debug\main.obj
C:\Users\Björnligan\Documents\Playground\x64\Debug\cl.command.1.tlog
C:\Users\Björnligan\Documents\Playground\x64\Debug\CL.read.1.tlog
C:\Users\Björnligan\Documents\Playground\x64\Debug\CL.write.1.tlog
C:\Users\Björnligan\Documents\Playground\x64\Debug\link-cvtres.read.1.tlog
C:\Users\Björnligan\Documents\Playground\x64\Debug\link-cvtres.write.1.tlog
C:\Users\Björnligan\Documents\Playground\x64\Debug\link-rc.read.1.tlog
C:\Users\Björnligan\Documents\Playground\x64\Debug\link-rc.write.1.tlog
C:\Users\Björnligan\Documents\Playground\x64\Debug\link.1392-cvtres.read.1.tlog
C:\Users\Björnligan\Documents\Playground\x64\Debug\link.1392-cvtres.write.1.tlog
C:\Users\Björnligan\Documents\Playground\x64\Debug\link.1392-rc.read.1.tlog
C:\Users\Björnligan\Documents\Playground\x64\Debug\link.1392-rc.write.1.tlog
C:\Users\Björnligan\Documents\Playground\x64\Debug\link.1392.read.1.tlog
C:\Users\Björnligan\Documents\Playground\x64\Debug\link.1392.read.2.tlog
C:\Users\Björnligan\Documents\Playground\x64\Debug\link.1392.write.1.tlog
C:\Users\Björnligan\Documents\Playground\x64\Debug\link.1396-cvtres.read.1.tlog
C:\Users\Björnligan\Documents\Playground\x64\Debug\link.1396-cvtres.write.1.tlog
C:\Users\Björnligan\Documents\Playground\x64\Debug\link.1396-rc.read.1.tlog
C:\Users\Björnligan\Documents\Playground\x64\Debug\link.1396-rc.write.1.tlog
C:\Users\Björnligan\Documents\Playground\x64\Debug\link.1396.read.1.tlog
C:\Users\Björnligan\Documents\Playground\x64\Debug\link.1396.read.2.tlog
C:\Users\Björnligan\Documents\Playground\x64\Debug\link.1396.write.1.tlog
C:\Users\Björnligan\Documents\Playground\x64\Debug\link.1588-cvtres.read.1.tlog
C:\Users\Björnligan\Documents\Playground\x64\Debug\link.1588-cvtres.write.1.tlog
C:\Users\Björnligan\Documents\Playground\x64\Debug\link.1588-rc.read.1.tlog
C:\Users\Björnligan\Documents\Playground\x64\Debug\link.1588-rc.write.1.tlog
C:\Users\Björnligan\Documents\Playground\x64\Debug\link.1588.read.1.tlog
C:\Users\Björnligan\Documents\Playground\x64\Debug\link.1588.read.2.tlog
C:\Users\Björnligan\Documents\Playground\x64\Debug\link.1588.write.1.tlog
C:\Users\Björnligan\Documents\Playground\x64\Debug\link.1624-cvtres.read.1.tlog
C:\Users\Björnligan\Documents\Playground\x64\Debug\link.1624-cvtres.write.1.tlog
C:\Users\Björnligan\Documents\Playground\x64\Debug\link.1624-rc.read.1.tlog
C:\Users\Björnligan\Documents\Playground\x64\Debug\link.1624-rc.write.1.tlog
C:\Users\Björnligan\Documents\Playground\x64\Debug\link.1624.read.1.tlog
C:\Users\Björnligan\Documents\Playground\x64\Debug\link.1624.read.2.tlog
C:\Users\Björnligan\Documents\Playground\x64\Debug\link.1624.write.1.tlog
C:\Users\Björnligan\Documents\Playground\x64\Debug\link.1680-cvtres.read.1.tlog
C:\Users\Björnligan\Documents\Playground\x64\Debug\link.1680-cvtres.write.1.tlog
C:\Users\Björnligan\Documents\Playground\x64\Debug\link.1680-rc.read.1.tlog
C:\Users\Björnligan\Documents\Playground\x64\Debug\link.1680-rc.write.1.tlog
C:\Users\Björnligan\Documents\Playground\x64\Debug\link.1680.read.1.tlog
C:\Users\Björnligan\Documents\Playground\x64\Debug\link.1680.read.2.tlog
C:\Users\Björnligan\Documents\Playground\x64\Debug\link.1680.write.1.tlog
C:\Users\Björnligan\Documents\Playground\x64\Debug\link.1696-cvtres.read.1.tlog
C:\Users\Björnligan\Documents\Playground\x64\Debug\link.1696-cvtres.write.1.tlog
C:\Users\Björnligan\Documents\Playground\x64\Debug\link.1696-rc.read.1.tlog
C:\Users\Björnligan\Documents\Playground\x64\Debug\link.1696-rc.write.1.tlog
C:\Users\Björnligan\Documents\Playground\x64\Debug\link.1696.read.1.tlog
C:\Users\Björnligan\Documents\Playground\x64\Debug\link.1696.read.2.tlog
C:\Users\Björnligan\Documents\Playground\x64\Debug\link.1696.write.1.tlog
C:\Users\Björnligan\Documents\Playground\x64\Debug\link.1724-cvtres.read.1.tlog
C:\Users\Björnligan\Documents\Playground\x64\Debug\link.1724-cvtres.write.1.tlog
C:\Users\Björnligan\Documents\Playground\x64\Debug\link.1724-rc.read.1.tlog
C:\Users\Björnligan\Documents\Playground\x64\Debug\link.1724-rc.write.1.tlog
C:\Users\Björnligan\Documents\Playground\x64\Debug\link.1724.read.1.tlog
C:\Users\Björnligan\Documents\Playground\x64\Debug\link.1724.write.1.tlog
C:\Users\Björnligan\Documents\Playground\x64\Debug\link.2028-cvtres.read.1.tlog
C:\Users\Björnligan\Documents\Playground\x64\Debug\link.2028-cvtres.write.1.tlog
C:\Users\Björnligan\Documents\Playground\x64\Debug\link.2028-rc.read.1.tlog
C:\Users\Björnligan\Documents\Playground\x64\Debug\link.2028-rc.write.1.tlog
C:\Users\Björnligan\Documents\Playground\x64\Debug\link.2028.read.1.tlog
C:\Users\Björnligan\Documents\Playground\x64\Debug\link.2028.read.2.tlog
C:\Users\Björnligan\Documents\Playground\x64\Debug\link.2028.write.1.tlog
C:\Users\Björnligan\Documents\Playground\x64\Debug\link.2128-cvtres.read.1.tlog
C:\Users\Björnligan\Documents\Playground\x64\Debug\link.2128-cvtres.write.1.tlog
C:\Users\Björnligan\Documents\Playground\x64\Debug\link.2128-rc.read.1.tlog
C:\Users\Björnligan\Documents\Playground\x64\Debug\link.2128-rc.write.1.tlog
C:\Users\Björnligan\Documents\Playground\x64\Debug\link.2128.read.1.tlog
C:\Users\Björnligan\Documents\Playground\x64\Debug\link.2128.read.2.tlog
C:\Users\Björnligan\Documents\Playground\x64\Debug\link.2128.write.1.tlog
C:\Users\Björnligan\Documents\Playground\x64\Debug\link.2216-cvtres.read.1.tlog
C:\Users\Björnligan\Documents\Playground\x64\Debug\link.2216-cvtres.write.1.tlog
C:\Users\Björnligan\Documents\Playground\x64\Debug\link.2216-rc.read.1.tlog
C:\Users\Björnligan\Documents\Playground\x64\Debug\link.2216-rc.write.1.tlog
C:\Users\Björnligan\Documents\Playground\x64\Debug\link.2216.read.1.tlog
C:\Users\Björnligan\Documents\Playground\x64\Debug\link.2216.read.2.tlog
C:\Users\Björnligan\Documents\Playground\x64\Debug\link.2216.write.1.tlog
C:\Users\Björnligan\Documents\Playground\x64\Debug\link.2296-cvtres.read.1.tlog
C:\Users\Björnligan\Documents\Playground\x64\Debug\link.2296-cvtres.write.1.tlog
C:\Users\Björnligan\Documents\Playground\x64\Debug\link.2296-rc.read.1.tlog
C:\Users\Björnligan\Documents\Playground\x64\Debug\link.2296-rc.write.1.tlog
C:\Users\Björnligan\Documents\Playground\x64\Debug\link.2296.read.1.tlog
C:\Users\Björnligan\Documents\Playground\x64\Debug\link.2296.read.2.tlog
C:\Users\Björnligan\Documents\Playground\x64\Debug\link.2296.write.1.tlog
C:\Users\Björnligan\Documents\Playground\x64\Debug\link.2412-cvtres.read.1.tlog
C:\Users\Björnligan\Documents\Playground\x64\Debug\link.2412-cvtres.write.1.tlog
C:\Users\Björnligan\Documents\Playground\x64\Debug\link.2412-rc.read.1.tlog
C:\Users\Björnligan\Documents\Playground\x64\Debug\link.2412-rc.write.1.tlog
C:\Users\Björnligan\Documents\Playground\x64\Debug\link.2412.read.1.tlog
C:\Users\Björnligan\Documents\Playground\x64\Debug\link.2412.read.2.tlog
C:\Users\Björnligan\Documents\Playground\x64\Debug\link.2412.write.1.tlog
C:\Users\Björnligan\Documents\Playground\x64\Debug\link.2572-cvtres.read.1.tlog
C:\Users\Björnligan\Documents\Playground\x64\Debug\link.2572-cvtres.write.1.tlog
C:\Users\Björnligan\Documents\Playground\x64\Debug\link.2572-rc.read.1.tlog
C:\Users\Björnligan\Documents\Playground\x64\Debug\link.2572-rc.write.1.tlog
C:\Users\Björnligan\Documents\Playground\x64\Debug\link.2572.read.1.tlog
C:\Users\Björnligan\Documents\Playground\x64\Debug\link.2572.read.2.tlog
C:\Users\Björnligan\Documents\Playground\x64\Debug\link.2572.write.1.tlog
C:\Users\Björnligan\Documents\Playground\x64\Debug\link.2600-cvtres.read.1.tlog
C:\Users\Björnligan\Documents\Playground\x64\Debug\link.2600-cvtres.write.1.tlog
C:\Users\Björnligan\Documents\Playground\x64\Debug\link.2600-rc.read.1.tlog
C:\Users\Björnligan\Documents\Playground\x64\Debug\link.2600-rc.write.1.tlog
C:\Users\Björnligan\Documents\Playground\x64\Debug\link.2600.read.1.tlog
C:\Users\Björnligan\Documents\Playground\x64\Debug\link.2600.write.1.tlog
C:\Users\Björnligan\Documents\Playground\x64\Debug\link.2616-cvtres.read.1.tlog
C:\Users\Björnligan\Documents\Playground\x64\Debug\link.2616-cvtres.write.1.tlog
C:\Users\Björnligan\Documents\Playground\x64\Debug\link.2616-rc.read.1.tlog
C:\Users\Björnligan\Documents\Playground\x64\Debug\link.2616-rc.write.1.tlog
C:\Users\Björnligan\Documents\Playground\x64\Debug\link.2616.read.1.tlog
C:\Users\Björnligan\Documents\Playground\x64\Debug\link.2616.read.2.tlog
C:\Users\Björnligan\Documents\Playground\x64\Debug\link.2616.write.1.tlog
C:\Users\Björnligan\Documents\Playground\x64\Debug\link.2724-cvtres.read.1.tlog
C:\Users\Björnligan\Documents\Playground\x64\Debug\link.2724-cvtres.write.1.tlog
C:\Users\Björnligan\Documents\Playground\x64\Debug\link.2724-rc.read.1.tlog
C:\Users\Björnligan\Documents\Playground\x64\Debug\link.2724-rc.write.1.tlog
C:\Users\Björnligan\Documents\Playground\x64\Debug\link.2724.read.1.tlog
C:\Users\Björnligan\Documents\Playground\x64\Debug\link.2724.read.2.tlog
C:\Users\Björnligan\Documents\Playground\x64\Debug\link.2724.write.1.tlog
C:\Users\Björnligan\Documents\Playground\x64\Debug\link.2772-cvtres.read.1.tlog
C:\Users\Björnligan\Documents\Playground\x64\Debug\link.2772-cvtres.write.1.tlog
C:\Users\Björnligan\Documents\Playground\x64\Debug\link.2772-rc.read.1.tlog
C:\Users\Björnligan\Documents\Playground\x64\Debug\link.2772-rc.write.1.tlog
C:\Users\Björnligan\Documents\Playground\x64\Debug\link.2772.read.1.tlog
C:\Users\Björnligan\Documents\Playground\x64\Debug\link.2772.read.2.tlog
C:\Users\Björnligan\Documents\Playground\x64\Debug\link.2772.write.1.tlog
C:\Users\Björnligan\Documents\Playground\x64\Debug\link.280-cvtres.read.1.tlog
C:\Users\Björnligan\Documents\Playground\x64\Debug\link.280-cvtres.write.1.tlog
C:\Users\Björnligan\Documents\Playground\x64\Debug\link.280-rc.read.1.tlog
C:\Users\Björnligan\Documents\Playground\x64\Debug\link.280-rc.write.1.tlog
C:\Users\Björnligan\Documents\Playground\x64\Debug\link.280.read.1.tlog
C:\Users\Björnligan\Documents\Playground\x64\Debug\link.280.read.2.tlog
C:\Users\Björnligan\Documents\Playground\x64\Debug\link.280.write.1.tlog
C:\Users\Björnligan\Documents\Playground\x64\Debug\link.2916-cvtres.read.1.tlog
C:\Users\Björnligan\Documents\Playground\x64\Debug\link.2916-cvtres.write.1.tlog
C:\Users\Björnligan\Documents\Playground\x64\Debug\link.2916-rc.read.1.tlog
C:\Users\Björnligan\Documents\Playground\x64\Debug\link.2916-rc.write.1.tlog
C:\Users\Björnligan\Documents\Playground\x64\Debug\link.2916.read.1.tlog
C:\Users\Björnligan\Documents\Playground\x64\Debug\link.2916.read.2.tlog
C:\Users\Björnligan\Documents\Playground\x64\Debug\link.2916.write.1.tlog
C:\Users\Björnligan\Documents\Playground\x64\Debug\link.2940-cvtres.read.1.tlog
C:\Users\Björnligan\Documents\Playground\x64\Debug\link.2940-cvtres.write.1.tlog
C:\Users\Björnligan\Documents\Playground\x64\Debug\link.2940-rc.read.1.tlog
C:\Users\Björnligan\Documents\Playground\x64\Debug\link.2940-rc.write.1.tlog
C:\Users\Björnligan\Documents\Playground\x64\Debug\link.2940.read.1.tlog
C:\Users\Björnligan\Documents\Playground\x64\Debug\link.2940.read.2.tlog
C:\Users\Björnligan\Documents\Playground\x64\Debug\link.2940.write.1.tlog
C:\Users\Björnligan\Documents\Playground\x64\Debug\link.3008-cvtres.read.1.tlog
C:\Users\Björnligan\Documents\Playground\x64\Debug\link.3008-cvtres.write.1.tlog
C:\Users\Björnligan\Documents\Playground\x64\Debug\link.3008-rc.read.1.tlog
C:\Users\Björnligan\Documents\Playground\x64\Debug\link.3008-rc.write.1.tlog
C:\Users\Björnligan\Documents\Playground\x64\Debug\link.3008.read.1.tlog
C:\Users\Björnligan\Documents\Playground\x64\Debug\link.3008.read.2.tlog
C:\Users\Björnligan\Documents\Playground\x64\Debug\link.3008.write.1.tlog
C:\Users\Björnligan\Documents\Playground\x64\Debug\link.3132-cvtres.read.1.tlog
C:\Users\Björnligan\Documents\Playground\x64\Debug\link.3132-cvtres.write.1.tlog
C:\Users\Björnligan\Documents\Playground\x64\Debug\link.3132-rc.read.1.tlog
C:\Users\Björnligan\Documents\Playground\x64\Debug\link.3132-rc.write.1.tlog
C:\Users\Björnligan\Documents\Playground\x64\Debug\link.3132.read.1.tlog
C:\Users\Björnligan\Documents\Playground\x64\Debug\link.3132.read.2.tlog
C:\Users\Björnligan\Documents\Playground\x64\Debug\link.3132.write.1.tlog
C:\Users\Björnligan\Documents\Playground\x64\Debug\link.3140-cvtres.read.1.tlog
C:\Users\Björnligan\Documents\Playground\x64\Debug\link.3140-cvtres.write.1.tlog
C:\Users\Björnligan\Documents\Playground\x64\Debug\link.3140-rc.read.1.tlog
C:\Users\Björnligan\Documents\Playground\x64\Debug\link.3140-rc.write.1.tlog
C:\Users\Björnligan\Documents\Playground\x64\Debug\link.3140.read.1.tlog
C:\Users\Björnligan\Documents\Playground\x64\Debug\link.3140.write.1.tlog
C:\Users\Björnligan\Documents\Playground\x64\Debug\link.3204-cvtres.read.1.tlog
C:\Users\Björnligan\Documents\Playground\x64\Debug\link.3204-cvtres.write.1.tlog
C:\Users\Björnligan\Documents\Playground\x64\Debug\link.3204-rc.read.1.tlog
C:\Users\Björnligan\Documents\Playground\x64\Debug\link.3204-rc.write.1.tlog
C:\Users\Björnligan\Documents\Playground\x64\Debug\link.3204.read.1.tlog
C:\Users\Björnligan\Documents\Playground\x64\Debug\link.3204.read.2.tlog
C:\Users\Björnligan\Documents\Playground\x64\Debug\link.3204.write.1.tlog
C:\Users\Björnligan\Documents\Playground\x64\Debug\link.3348-cvtres.read.1.tlog
C:\Users\Björnligan\Documents\Playground\x64\Debug\link.3348-cvtres.write.1.tlog
C:\Users\Björnligan\Documents\Playground\x64\Debug\link.3348-rc.read.1.tlog
C:\Users\Björnligan\Documents\Playground\x64\Debug\link.3348-rc.write.1.tlog
C:\Users\Björnligan\Documents\Playground\x64\Debug\link.3348.read.1.tlog
C:\Users\Björnligan\Documents\Playground\x64\Debug\link.3348.read.2.tlog
C:\Users\Björnligan\Documents\Playground\x64\Debug\link.3348.write.1.tlog
C:\Users\Björnligan\Documents\Playground\x64\Debug\link.3360-cvtres.read.1.tlog
C:\Users\Björnligan\Documents\Playground\x64\Debug\link.3360-cvtres.write.1.tlog
C:\Users\Björnligan\Documents\Playground\x64\Debug\link.3360-rc.read.1.tlog
C:\Users\Björnligan\Documents\Playground\x64\Debug\link.3360-rc.write.1.tlog
C:\Users\Björnligan\Documents\Playground\x64\Debug\link.3360.read.1.tlog
C:\Users\Björnligan\Documents\Playground\x64\Debug\link.3360.read.2.tlog
C:\Users\Björnligan\Documents\Playground\x64\Debug\link.3360.write.1.tlog
C:\Users\Björnligan\Documents\Playground\x64\Debug\link.3380-cvtres.read.1.tlog
C:\Users\Björnligan\Documents\Playground\x64\Debug\link.3380-cvtres.write.1.tlog
C:\Users\Björnligan\Documents\Playground\x64\Debug\link.3380-rc.read.1.tlog
C:\Users\Björnligan\Documents\Playground\x64\Debug\link.3380-rc.write.1.tlog
C:\Users\Björnligan\Documents\Playground\x64\Debug\link.3380.read.1.tlog
C:\Users\Björnligan\Documents\Playground\x64\Debug\link.3380.read.2.tlog
C:\Users\Björnligan\Documents\Playground\x64\Debug\link.3380.write.1.tlog
C:\Users\Björnligan\Documents\Playground\x64\Debug\link.3424-cvtres.read.1.tlog
C:\Users\Björnligan\Documents\Playground\x64\Debug\link.3424-cvtres.write.1.tlog
C:\Users\Björnligan\Documents\Playground\x64\Debug\link.3424-rc.read.1.tlog
C:\Users\Björnligan\Documents\Playground\x64\Debug\link.3424-rc.write.1.tlog
C:\Users\Björnligan\Documents\Playground\x64\Debug\link.3424.read.1.tlog
C:\Users\Björnligan\Documents\Playground\x64\Debug\link.3424.read.2.tlog
C:\Users\Björnligan\Documents\Playground\x64\Debug\link.3424.write.1.tlog
C:\Users\Björnligan\Documents\Playground\x64\Debug\link.3440-cvtres.read.1.tlog
C:\Users\Björnligan\Documents\Playground\x64\Debug\link.3440-cvtres.write.1.tlog
C:\Users\Björnligan\Documents\Playground\x64\Debug\link.3440-rc.read.1.tlog
C:\Users\Björnligan\Documents\Playground\x64\Debug\link.3440-rc.write.1.tlog
C:\Users\Björnligan\Documents\Playground\x64\Debug\link.3440.read.1.tlog
C:\Users\Björnligan\Documents\Playground\x64\Debug\link.3440.read.2.tlog
C:\Users\Björnligan\Documents\Playground\x64\Debug\link.3440.write.1.tlog
C:\Users\Björnligan\Documents\Playground\x64\Debug\link.3532-cvtres.read.1.tlog
C:\Users\Björnligan\Documents\Playground\x64\Debug\link.3532-cvtres.write.1.tlog
C:\Users\Björnligan\Documents\Playground\x64\Debug\link.3532-rc.read.1.tlog
C:\Users\Björnligan\Documents\Playground\x64\Debug\link.3532-rc.write.1.tlog
C:\Users\Björnligan\Documents\Playground\x64\Debug\link.3532.read.1.tlog
C:\Users\Björnligan\Documents\Playground\x64\Debug\link.3532.read.2.tlog
C:\Users\Björnligan\Documents\Playground\x64\Debug\link.3532.write.1.tlog
C:\Users\Björnligan\Documents\Playground\x64\Debug\link.3536-cvtres.read.1.tlog
C:\Users\Björnligan\Documents\Playground\x64\Debug\link.3536-cvtres.write.1.tlog
C:\Users\Björnligan\Documents\Playground\x64\Debug\link.3536-rc.read.1.tlog
C:\Users\Björnligan\Documents\Playground\x64\Debug\link.3536-rc.write.1.tlog
C:\Users\Björnligan\Documents\Playground\x64\Debug\link.3536.read.1.tlog
C:\Users\Björnligan\Documents\Playground\x64\Debug\link.3536.read.2.tlog
C:\Users\Björnligan\Documents\Playground\x64\Debug\link.3536.write.1.tlog
C:\Users\Björnligan\Documents\Playground\x64\Debug\link.3552-cvtres.read.1.tlog
C:\Users\Björnligan\Documents\Playground\x64\Debug\link.3552-cvtres.write.1.tlog
C:\Users\Björnligan\Documents\Playground\x64\Debug\link.3552-rc.read.1.tlog
C:\Users\Björnligan\Documents\Playground\x64\Debug\link.3552-rc.write.1.tlog
C:\Users\Björnligan\Documents\Playground\x64\Debug\link.3552.read.1.tlog
C:\Users\Björnligan\Documents\Playground\x64\Debug\link.3552.read.2.tlog
C:\Users\Björnligan\Documents\Playground\x64\Debug\link.3552.write.1.tlog
C:\Users\Björnligan\Documents\Playground\x64\Debug\link.3612-cvtres.read.1.tlog
C:\Users\Björnligan\Documents\Playground\x64\Debug\link.3612-cvtres.write.1.tlog
C:\Users\Björnligan\Documents\Playground\x64\Debug\link.3612-rc.read.1.tlog
C:\Users\Björnligan\Documents\Playground\x64\Debug\link.3612-rc.write.1.tlog
C:\Users\Björnligan\Documents\Playground\x64\Debug\link.3612.read.1.tlog
C:\Users\Björnligan\Documents\Playground\x64\Debug\link.3612.read.2.tlog
C:\Users\Björnligan\Documents\Playground\x64\Debug\link.3612.write.1.tlog
C:\Users\Björnligan\Documents\Playground\x64\Debug\link.3644-cvtres.read.1.tlog
C:\Users\Björnligan\Documents\Playground\x64\Debug\link.3644-cvtres.write.1.tlog
C:\Users\Björnligan\Documents\Playground\x64\Debug\link.3644-rc.read.1.tlog
C:\Users\Björnligan\Documents\Playground\x64\Debug\link.3644-rc.write.1.tlog
C:\Users\Björnligan\Documents\Playground\x64\Debug\link.3644.read.1.tlog
C:\Users\Björnligan\Documents\Playground\x64\Debug\link.3644.read.2.tlog
C:\Users\Björnligan\Documents\Playground\x64\Debug\link.3644.write.1.tlog
C:\Users\Björnligan\Documents\Playground\x64\Debug\link.3784-cvtres.read.1.tlog
C:\Users\Björnligan\Documents\Playground\x64\Debug\link.3784-cvtres.write.1.tlog
C:\Users\Björnligan\Documents\Playground\x64\Debug\link.3784-rc.read.1.tlog
C:\Users\Björnligan\Documents\Playground\x64\Debug\link.3784-rc.write.1.tlog
C:\Users\Björnligan\Documents\Playground\x64\Debug\link.3784.read.1.tlog
C:\Users\Björnligan\Documents\Playground\x64\Debug\link.3784.read.2.tlog
C:\Users\Björnligan\Documents\Playground\x64\Debug\link.3784.write.1.tlog
C:\Users\Björnligan\Documents\Playground\x64\Debug\link.4056-cvtres.read.1.tlog
C:\Users\Björnligan\Documents\Playground\x64\Debug\link.4056-cvtres.write.1.tlog
C:\Users\Björnligan\Documents\Playground\x64\Debug\link.4056-rc.read.1.tlog
C:\Users\Björnligan\Documents\Playground\x64\Debug\link.4056-rc.write.1.tlog
C:\Users\Björnligan\Documents\Playground\x64\Debug\link.4056.read.1.tlog
C:\Users\Björnligan\Documents\Playground\x64\Debug\link.4056.read.2.tlog
C:\Users\Björnligan\Documents\Playground\x64\Debug\link.4056.write.1.tlog
C:\Users\Björnligan\Documents\Playground\x64\Debug\link.4136-cvtres.read.1.tlog
C:\Users\Björnligan\Documents\Playground\x64\Debug\link.4136-cvtres.write.1.tlog
C:\Users\Björnligan\Documents\Playground\x64\Debug\link.4136-rc.read.1.tlog
C:\Users\Björnligan\Documents\Playground\x64\Debug\link.4136-rc.write.1.tlog
C:\Users\Björnligan\Documents\Playground\x64\Debug\link.4136.read.1.tlog
C:\Users\Björnligan\Documents\Playground\x64\Debug\link.4136.read.2.tlog
C:\Users\Björnligan\Documents\Playground\x64\Debug\link.4136.write.1.tlog
C:\Users\Björnligan\Documents\Playground\x64\Debug\link.4152-cvtres.read.1.tlog
C:\Users\Björnligan\Documents\Playground\x64\Debug\link.4152-cvtres.write.1.tlog
C:\Users\Björnligan\Documents\Playground\x64\Debug\link.4152-rc.read.1.tlog
C:\Users\Björnligan\Documents\Playground\x64\Debug\link.4152-rc.write.1.tlog
C:\Users\Björnligan\Documents\Playground\x64\Debug\link.4152.read.1.tlog
C:\Users\Björnligan\Documents\Playground\x64\Debug\link.4152.read.2.tlog
C:\Users\Björnligan\Documents\Playground\x64\Debug\link.4152.write.1.tlog
C:\Users\Björnligan\Documents\Playground\x64\Debug\link.4156-cvtres.read.1.tlog
C:\Users\Björnligan\Documents\Playground\x64\Debug\link.4156-cvtres.write.1.tlog
C:\Users\Björnligan\Documents\Playground\x64\Debug\link.4156-rc.read.1.tlog
C:\Users\Björnligan\Documents\Playground\x64\Debug\link.4156-rc.write.1.tlog
C:\Users\Björnligan\Documents\Playground\x64\Debug\link.4156.read.1.tlog
C:\Users\Björnligan\Documents\Playground\x64\Debug\link.4156.read.2.tlog
C:\Users\Björnligan\Documents\Playground\x64\Debug\link.4156.write.1.tlog
C:\Users\Björnligan\Documents\Playground\x64\Debug\link.4184-cvtres.read.1.tlog
C:\Users\Björnligan\Documents\Playground\x64\Debug\link.4184-cvtres.write.1.tlog
C:\Users\Björnligan\Documents\Playground\x64\Debug\link.4184-rc.read.1.tlog
C:\Users\Björnligan\Documents\Playground\x64\Debug\link.4184-rc.write.1.tlog
C:\Users\Björnligan\Documents\Playground\x64\Debug\link.4184.read.1.tlog
C:\Users\Björnligan\Documents\Playground\x64\Debug\link.4184.read.2.tlog
C:\Users\Björnligan\Documents\Playground\x64\Debug\link.4184.write.1.tlog
C:\Users\Björnligan\Documents\Playground\x64\Debug\link.4316-cvtres.read.1.tlog
C:\Users\Björnligan\Documents\Playground\x64\Debug\link.4316-cvtres.write.1.tlog
C:\Users\Björnligan\Documents\Playground\x64\Debug\link.4316-rc.read.1.tlog
C:\Users\Björnligan\Documents\Playground\x64\Debug\link.4316-rc.write.1.tlog
C:\Users\Björnligan\Documents\Playground\x64\Debug\link.4316.read.1.tlog
C:\Users\Björnligan\Documents\Playground\x64\Debug\link.4316.read.2.tlog
C:\Users\Björnligan\Documents\Playground\x64\Debug\link.4316.write.1.tlog
C:\Users\Björnligan\Documents\Playground\x64\Debug\link.4344-cvtres.read.1.tlog
C:\Users\Björnligan\Documents\Playground\x64\Debug\link.4344-cvtres.write.1.tlog
C:\Users\Björnligan\Documents\Playground\x64\Debug\link.4344-rc.read.1.tlog
C:\Users\Björnligan\Documents\Playground\x64\Debug\link.4344-rc.write.1.tlog
C:\Users\Björnligan\Documents\Playground\x64\Debug\link.4344.read.1.tlog
C:\Users\Björnligan\Documents\Playground\x64\Debug\link.4344.read.2.tlog
C:\Users\Björnligan\Documents\Playground\x64\Debug\link.4344.write.1.tlog
C:\Users\Björnligan\Documents\Playground\x64\Debug\link.4384-cvtres.read.1.tlog
C:\Users\Björnligan\Documents\Playground\x64\Debug\link.4384-cvtres.write.1.tlog
C:\Users\Björnligan\Documents\Playground\x64\Debug\link.4384-rc.read.1.tlog
C:\Users\Björnligan\Documents\Playground\x64\Debug\link.4384-rc.write.1.tlog
C:\Users\Björnligan\Documents\Playground\x64\Debug\link.4384.read.1.tlog
C:\Users\Björnligan\Documents\Playground\x64\Debug\link.4384.read.2.tlog
C:\Users\Björnligan\Documents\Playground\x64\Debug\link.4384.write.1.tlog
C:\Users\Björnligan\Documents\Playground\x64\Debug\link.4464-cvtres.read.1.tlog
C:\Users\Björnligan\Documents\Playground\x64\Debug\link.4464-cvtres.write.1.tlog
C:\Users\Björnligan\Documents\Playground\x64\Debug\link.4464-rc.read.1.tlog
C:\Users\Björnligan\Documents\Playground\x64\Debug\link.4464-rc.write.1.tlog
C:\Users\Björnligan\Documents\Playground\x64\Debug\link.4464.read.1.tlog
C:\Users\Björnligan\Documents\Playground\x64\Debug\link.4464.read.2.tlog
C:\Users\Björnligan\Documents\Playground\x64\Debug\link.4464.write.1.tlog
C:\Users\Björnligan\Documents\Playground\x64\Debug\link.4504-cvtres.read.1.tlog
C:\Users\Björnligan\Documents\Playground\x64\Debug\link.4504-cvtres.write.1.tlog
C:\Users\Björnligan\Documents\Playground\x64\Debug\link.4504-rc.read.1.tlog
C:\Users\Björnligan\Documents\Playground\x64\Debug\link.4504-rc.write.1.tlog
C:\Users\Björnligan\Documents\Playground\x64\Debug\link.4504.read.1.tlog
C:\Users\Björnligan\Documents\Playground\x64\Debug\link.4504.read.2.tlog
C:\Users\Björnligan\Documents\Playground\x64\Debug\link.4504.write.1.tlog
C:\Users\Björnligan\Documents\Playground\x64\Debug\link.4736-cvtres.read.1.tlog
C:\Users\Björnligan\Documents\Playground\x64\Debug\link.4736-cvtres.write.1.tlog
C:\Users\Björnligan\Documents\Playground\x64\Debug\link.4736-rc.read.1.tlog
C:\Users\Björnligan\Documents\Playground\x64\Debug\link.4736-rc.write.1.tlog
C:\Users\Björnligan\Documents\Playground\x64\Debug\link.4736.read.1.tlog
C:\Users\Björnligan\Documents\Playground\x64\Debug\link.4736.read.2.tlog
C:\Users\Björnligan\Documents\Playground\x64\Debug\link.4736.write.1.tlog
C:\Users\Björnligan\Documents\Playground\x64\Debug\link.4744-cvtres.read.1.tlog
C:\Users\Björnligan\Documents\Playground\x64\Debug\link.4744-cvtres.write.1.tlog
C:\Users\Björnligan\Documents\Playground\x64\Debug\link.4744-rc.read.1.tlog
C:\Users\Björnligan\Documents\Playground\x64\Debug\link.4744-rc.write.1.tlog
C:\Users\Björnligan\Documents\Playground\x64\Debug\link.4744.read.1.tlog
C:\Users\Björnligan\Documents\Playground\x64\Debug\link.4744.read.2.tlog
C:\Users\Björnligan\Documents\Playground\x64\Debug\link.4744.write.1.tlog
C:\Users\Björnligan\Documents\Playground\x64\Debug\link.4768-cvtres.read.1.tlog
C:\Users\Björnligan\Documents\Playground\x64\Debug\link.4768-cvtres.write.1.tlog
C:\Users\Björnligan\Documents\Playground\x64\Debug\link.4768-rc.read.1.tlog
C:\Users\Björnligan\Documents\Playground\x64\Debug\link.4768-rc.write.1.tlog
C:\Users\Björnligan\Documents\Playground\x64\Debug\link.4768.read.1.tlog
C:\Users\Björnligan\Documents\Playground\x64\Debug\link.4768.read.2.tlog
C:\Users\Björnligan\Documents\Playground\x64\Debug\link.4768.write.1.tlog
C:\Users\Björnligan\Documents\Playground\x64\Debug\link.4868-cvtres.read.1.tlog
C:\Users\Björnligan\Documents\Playground\x64\Debug\link.4868-cvtres.write.1.tlog
C:\Users\Björnligan\Documents\Playground\x64\Debug\link.4868-rc.read.1.tlog
C:\Users\Björnligan\Documents\Playground\x64\Debug\link.4868-rc.write.1.tlog
C:\Users\Björnligan\Documents\Playground\x64\Debug\link.4868.read.1.tlog
C:\Users\Björnligan\Documents\Playground\x64\Debug\link.4868.read.2.tlog
C:\Users\Björnligan\Documents\Playground\x64\Debug\link.4868.write.1.tlog
C:\Users\Björnligan\Documents\Playground\x64\Debug\link.4872-cvtres.read.1.tlog
C:\Users\Björnligan\Documents\Playground\x64\Debug\link.4872-cvtres.write.1.tlog
C:\Users\Björnligan\Documents\Playground\x64\Debug\link.4872-rc.read.1.tlog
C:\Users\Björnligan\Documents\Playground\x64\Debug\link.4872-rc.write.1.tlog
C:\Users\Björnligan\Documents\Playground\x64\Debug\link.4872.read.1.tlog
C:\Users\Björnligan\Documents\Playground\x64\Debug\link.4872.read.2.tlog
C:\Users\Björnligan\Documents\Playground\x64\Debug\link.4872.write.1.tlog
C:\Users\Björnligan\Documents\Playground\x64\Debug\link.5140-cvtres.read.1.tlog
C:\Users\Björnligan\Documents\Playground\x64\Debug\link.5140-cvtres.write.1.tlog
C:\Users\Björnligan\Documents\Playground\x64\Debug\link.5140-rc.read.1.tlog
C:\Users\Björnligan\Documents\Playground\x64\Debug\link.5140-rc.write.1.tlog
C:\Users\Björnligan\Documents\Playground\x64\Debug\link.5140.read.1.tlog
C:\Users\Björnligan\Documents\Playground\x64\Debug\link.5140.read.2.tlog
C:\Users\Björnligan\Documents\Playground\x64\Debug\link.5140.write.1.tlog
C:\Users\Björnligan\Documents\Playground\x64\Debug\link.5192-cvtres.read.1.tlog
C:\Users\Björnligan\Documents\Playground\x64\Debug\link.5192-cvtres.write.1.tlog
C:\Users\Björnligan\Documents\Playground\x64\Debug\link.5192-rc.read.1.tlog
C:\Users\Björnligan\Documents\Playground\x64\Debug\link.5192-rc.write.1.tlog
C:\Users\Björnligan\Documents\Playground\x64\Debug\link.5192.read.1.tlog
C:\Users\Björnligan\Documents\Playground\x64\Debug\link.5192.read.2.tlog
C:\Users\Björnligan\Documents\Playground\x64\Debug\link.5192.write.1.tlog
C:\Users\Björnligan\Documents\Playground\x64\Debug\link.5232-cvtres.read.1.tlog
C:\Users\Björnligan\Documents\Playground\x64\Debug\link.5232-cvtres.write.1.tlog
C:\Users\Björnligan\Documents\Playground\x64\Debug\link.5232-rc.read.1.tlog
C:\Users\Björnligan\Documents\Playground\x64\Debug\link.5232-rc.write.1.tlog
C:\Users\Björnligan\Documents\Playground\x64\Debug\link.5232.read.1.tlog
C:\Users\Björnligan\Documents\Playground\x64\Debug\link.5232.read.2.tlog
C:\Users\Björnligan\Documents\Playground\x64\Debug\link.5232.write.1.tlog
C:\Users\Björnligan\Documents\Playground\x64\Debug\link.5300-cvtres.read.1.tlog
C:\Users\Björnligan\Documents\Playground\x64\Debug\link.5300-cvtres.write.1.tlog
C:\Users\Björnligan\Documents\Playground\x64\Debug\link.5300-rc.read.1.tlog
C:\Users\Björnligan\Documents\Playground\x64\Debug\link.5300-rc.write.1.tlog
C:\Users\Björnligan\Documents\Playground\x64\Debug\link.5300.read.1.tlog
C:\Users\Björnligan\Documents\Playground\x64\Debug\link.5300.read.2.tlog
C:\Users\Björnligan\Documents\Playground\x64\Debug\link.5300.write.1.tlog
C:\Users\Björnligan\Documents\Playground\x64\Debug\link.5344-cvtres.read.1.tlog
C:\Users\Björnligan\Documents\Playground\x64\Debug\link.5344-cvtres.write.1.tlog
C:\Users\Björnligan\Documents\Playground\x64\Debug\link.5344-rc.read.1.tlog
C:\Users\Björnligan\Documents\Playground\x64\Debug\link.5344-rc.write.1.tlog
C:\Users\Björnligan\Documents\Playground\x64\Debug\link.5344.read.1.tlog
C:\Users\Björnligan\Documents\Playground\x64\Debug\link.5344.read.2.tlog
C:\Users\Björnligan\Documents\Playground\x64\Debug\link.5344.write.1.tlog
C:\Users\Björnligan\Documents\Playground\x64\Debug\link.5400-cvtres.read.1.tlog
C:\Users\Björnligan\Documents\Playground\x64\Debug\link.5400-cvtres.write.1.tlog
C:\Users\Björnligan\Documents\Playground\x64\Debug\link.5400-rc.read.1.tlog
C:\Users\Björnligan\Documents\Playground\x64\Debug\link.5400-rc.write.1.tlog
C:\Users\Björnligan\Documents\Playground\x64\Debug\link.5400.read.1.tlog
C:\Users\Björnligan\Documents\Playground\x64\Debug\link.5400.read.2.tlog
C:\Users\Björnligan\Documents\Playground\x64\Debug\link.5400.write.1.tlog
C:\Users\Björnligan\Documents\Playground\x64\Debug\link.5444-cvtres.read.1.tlog
C:\Users\Björnligan\Documents\Playground\x64\Debug\link.5444-cvtres.write.1.tlog
C:\Users\Björnligan\Documents\Playground\x64\Debug\link.5444-rc.read.1.tlog
C:\Users\Björnligan\Documents\Playground\x64\Debug\link.5444-rc.write.1.tlog
C:\Users\Björnligan\Documents\Playground\x64\Debug\link.5444.read.1.tlog
C:\Users\Björnligan\Documents\Playground\x64\Debug\link.5444.read.2.tlog
C:\Users\Björnligan\Documents\Playground\x64\Debug\link.5444.write.1.tlog
C:\Users\Björnligan\Documents\Playground\x64\Debug\link.5468-cvtres.read.1.tlog
C:\Users\Björnligan\Documents\Playground\x64\Debug\link.5468-cvtres.write.1.tlog
C:\Users\Björnligan\Documents\Playground\x64\Debug\link.5468-rc.read.1.tlog
C:\Users\Björnligan\Documents\Playground\x64\Debug\link.5468-rc.write.1.tlog
C:\Users\Björnligan\Documents\Playground\x64\Debug\link.5468.read.1.tlog
C:\Users\Björnligan\Documents\Playground\x64\Debug\link.5468.read.2.tlog
C:\Users\Björnligan\Documents\Playground\x64\Debug\link.5468.write.1.tlog
C:\Users\Björnligan\Documents\Playground\x64\Debug\link.5616-cvtres.read.1.tlog
C:\Users\Björnligan\Documents\Playground\x64\Debug\link.5616-cvtres.write.1.tlog
C:\Users\Björnligan\Documents\Playground\x64\Debug\link.5616-rc.read.1.tlog
C:\Users\Björnligan\Documents\Playground\x64\Debug\link.5616-rc.write.1.tlog
C:\Users\Björnligan\Documents\Playground\x64\Debug\link.5616.read.1.tlog
C:\Users\Björnligan\Documents\Playground\x64\Debug\link.5616.read.2.tlog
C:\Users\Björnligan\Documents\Playground\x64\Debug\link.5616.write.1.tlog
C:\Users\Björnligan\Documents\Playground\x64\Debug\link.5628-cvtres.read.1.tlog
C:\Users\Björnligan\Documents\Playground\x64\Debug\link.5628-cvtres.write.1.tlog
C:\Users\Björnligan\Documents\Playground\x64\Debug\link.5628-rc.read.1.tlog
C:\Users\Björnligan\Documents\Playground\x64\Debug\link.5628-rc.write.1.tlog
C:\Users\Björnligan\Documents\Playground\x64\Debug\link.5628.read.1.tlog
C:\Users\Björnligan\Documents\Playground\x64\Debug\link.5628.read.2.tlog
C:\Users\Björnligan\Documents\Playground\x64\Debug\link.5628.write.1.tlog
C:\Users\Björnligan\Documents\Playground\x64\Debug\link.5804-cvtres.read.1.tlog
C:\Users\Björnligan\Documents\Playground\x64\Debug\link.5804-cvtres.write.1.tlog
C:\Users\Björnligan\Documents\Playground\x64\Debug\link.5804-rc.read.1.tlog
C:\Users\Björnligan\Documents\Playground\x64\Debug\link.5804-rc.write.1.tlog
C:\Users\Björnligan\Documents\Playground\x64\Debug\link.5804.read.1.tlog
C:\Users\Björnligan\Documents\Playground\x64\Debug\link.5804.read.2.tlog
C:\Users\Björnligan\Documents\Playground\x64\Debug\link.5804.write.1.tlog
C:\Users\Björnligan\Documents\Playground\x64\Debug\link.5944-cvtres.read.1.tlog
C:\Users\Björnligan\Documents\Playground\x64\Debug\link.5944-cvtres.write.1.tlog
C:\Users\Björnligan\Documents\Playground\x64\Debug\link.5944-rc.read.1.tlog
C:\Users\Björnligan\Documents\Playground\x64\Debug\link.5944-rc.write.1.tlog
C:\Users\Björnligan\Documents\Playground\x64\Debug\link.5944.read.1.tlog
C:\Users\Björnligan\Documents\Playground\x64\Debug\link.5944.read.2.tlog
C:\Users\Björnligan\Documents\Playground\x64\Debug\link.5944.write.1.tlog
C:\Users\Björnligan\Documents\Playground\x64\Debug\link.6036-cvtres.read.1.tlog
C:\Users\Björnligan\Documents\Playground\x64\Debug\link.6036-cvtres.write.1.tlog
C:\Users\Björnligan\Documents\Playground\x64\Debug\link.6036-rc.read.1.tlog
C:\Users\Björnligan\Documents\Playground\x64\Debug\link.6036-rc.write.1.tlog
C:\Users\Björnligan\Documents\Playground\x64\Debug\link.6036.read.1.tlog
C:\Users\Björnligan\Documents\Playground\x64\Debug\link.6036.read.2.tlog
C:\Users\Björnligan\Documents\Playground\x64\Debug\link.6036.write.1.tlog
C:\Users\Björnligan\Documents\Playground\x64\Debug\link.6156-cvtres.read.1.tlog
C:\Users\Björnligan\Documents\Playground\x64\Debug\link.6156-cvtres.write.1.tlog
C:\Users\Björnligan\Documents\Playground\x64\Debug\link.6156-rc.read.1.tlog
C:\Users\Björnligan\Documents\Playground\x64\Debug\link.6156-rc.write.1.tlog
C:\Users\Björnligan\Documents\Playground\x64\Debug\link.6156.read.1.tlog
C:\Users\Björnligan\Documents\Playground\x64\Debug\link.6156.read.2.tlog
C:\Users\Björnligan\Documents\Playground\x64\Debug\link.6156.write.1.tlog
C:\Users\Björnligan\Documents\Playground\x64\Debug\link.6160-cvtres.read.1.tlog
C:\Users\Björnligan\Documents\Playground\x64\Debug\link.6160-cvtres.write.1.tlog
C:\Users\Björnligan\Documents\Playground\x64\Debug\link.6160-rc.read.1.tlog
C:\Users\Björnligan\Documents\Playground\x64\Debug\link.6160-rc.write.1.tlog
C:\Users\Björnligan\Documents\Playground\x64\Debug\link.6160.read.1.tlog
C:\Users\Björnligan\Documents\Playground\x64\Debug\link.6160.write.1.tlog
C:\Users\Björnligan\Documents\Playground\x64\Debug\link.6212-cvtres.read.1.tlog
C:\Users\Björnligan\Documents\Playground\x64\Debug\link.6212-cvtres.write.1.tlog
C:\Users\Björnligan\Documents\Playground\x64\Debug\link.6212-rc.read.1.tlog
C:\Users\Björnligan\Documents\Playground\x64\Debug\link.6212-rc.write.1.tlog
C:\Users\Björnligan\Documents\Playground\x64\Debug\link.6212.read.1.tlog
C:\Users\Björnligan\Documents\Playground\x64\Debug\link.6212.read.2.tlog
C:\Users\Björnligan\Documents\Playground\x64\Debug\link.6212.write.1.tlog
C:\Users\Björnligan\Documents\Playground\x64\Debug\link.6216-cvtres.read.1.tlog
C:\Users\Björnligan\Documents\Playground\x64\Debug\link.6216-cvtres.write.1.tlog
C:\Users\Björnligan\Documents\Playground\x64\Debug\link.6216-rc.read.1.tlog
C:\Users\Björnligan\Documents\Playground\x64\Debug\link.6216-rc.write.1.tlog
C:\Users\Björnligan\Documents\Playground\x64\Debug\link.6216.read.1.tlog
C:\Users\Björnligan\Documents\Playground\x64\Debug\link.6216.read.2.tlog
C:\Users\Björnligan\Documents\Playground\x64\Debug\link.6216.write.1.tlog
C:\Users\Björnligan\Documents\Playground\x64\Debug\link.6224-cvtres.read.1.tlog
C:\Users\Björnligan\Documents\Playground\x64\Debug\link.6224-cvtres.write.1.tlog
C:\Users\Björnligan\Documents\Playground\x64\Debug\link.6224-rc.read.1.tlog
C:\Users\Björnligan\Documents\Playground\x64\Debug\link.6224-rc.write.1.tlog
C:\Users\Björnligan\Documents\Playground\x64\Debug\link.6224.read.1.tlog
C:\Users\Björnligan\Documents\Playground\x64\Debug\link.6224.read.2.tlog
C:\Users\Björnligan\Documents\Playground\x64\Debug\link.6224.write.1.tlog
C:\Users\Björnligan\Documents\Playground\x64\Debug\link.6232-cvtres.read.1.tlog
C:\Users\Björnligan\Documents\Playground\x64\Debug\link.6232-cvtres.write.1.tlog
C:\Users\Björnligan\Documents\Playground\x64\Debug\link.6232-rc.read.1.tlog
C:\Users\Björnligan\Documents\Playground\x64\Debug\link.6232-rc.write.1.tlog
C:\Users\Björnligan\Documents\Playground\x64\Debug\link.6232.read.1.tlog
C:\Users\Björnligan\Documents\Playground\x64\Debug\link.6232.read.2.tlog
C:\Users\Björnligan\Documents\Playground\x64\Debug\link.6232.write.1.tlog
C:\Users\Björnligan\Documents\Playground\x64\Debug\link.6256-cvtres.read.1.tlog
C:\Users\Björnligan\Documents\Playground\x64\Debug\link.6256-cvtres.write.1.tlog
C:\Users\Björnligan\Documents\Playground\x64\Debug\link.6256-rc.read.1.tlog
C:\Users\Björnligan\Documents\Playground\x64\Debug\link.6256-rc.write.1.tlog
C:\Users\Björnligan\Documents\Playground\x64\Debug\link.6256.read.1.tlog
C:\Users\Björnligan\Documents\Playground\x64\Debug\link.6256.read.2.tlog
C:\Users\Björnligan\Documents\Playground\x64\Debug\link.6256.write.1.tlog
C:\Users\Björnligan\Documents\Playground\x64\Debug\link.6272-cvtres.read.1.tlog
C:\Users\Björnligan\Documents\Playground\x64\Debug\link.6272-cvtres.write.1.tlog
C:\Users\Björnligan\Documents\Playground\x64\Debug\link.6272-rc.read.1.tlog
C:\Users\Björnligan\Documents\Playground\x64\Debug\link.6272-rc.write.1.tlog
C:\Users\Björnligan\Documents\Playground\x64\Debug\link.6272.read.1.tlog
C:\Users\Björnligan\Documents\Playground\x64\Debug\link.6272.read.2.tlog
C:\Users\Björnligan\Documents\Playground\x64\Debug\link.6272.write.1.tlog
C:\Users\Björnligan\Documents\Playground\x64\Debug\link.6276-cvtres.read.1.tlog
C:\Users\Björnligan\Documents\Playground\x64\Debug\link.6276-cvtres.write.1.tlog
C:\Users\Björnligan\Documents\Playground\x64\Debug\link.6276-rc.read.1.tlog
C:\Users\Björnligan\Documents\Playground\x64\Debug\link.6276-rc.write.1.tlog
C:\Users\Björnligan\Documents\Playground\x64\Debug\link.6276.read.1.tlog
C:\Users\Björnligan\Documents\Playground\x64\Debug\link.6276.read.2.tlog
C:\Users\Björnligan\Documents\Playground\x64\Debug\link.6276.write.1.tlog
C:\Users\Björnligan\Documents\Playground\x64\Debug\link.6280-cvtres.read.1.tlog
C:\Users\Björnligan\Documents\Playground\x64\Debug\link.6280-cvtres.write.1.tlog
C:\Users\Björnligan\Documents\Playground\x64\Debug\link.6280-rc.read.1.tlog
C:\Users\Björnligan\Documents\Playground\x64\Debug\link.6280-rc.write.1.tlog
C:\Users\Björnligan\Documents\Playground\x64\Debug\link.6280.read.1.tlog
C:\Users\Björnligan\Documents\Playground\x64\Debug\link.6280.read.2.tlog
C:\Users\Björnligan\Documents\Playground\x64\Debug\link.6280.write.1.tlog
C:\Users\Björnligan\Documents\Playground\x64\Debug\link.6292-cvtres.read.1.tlog
C:\Users\Björnligan\Documents\Playground\x64\Debug\link.6292-cvtres.write.1.tlog
C:\Users\Björnligan\Documents\Playground\x64\Debug\link.6292-rc.read.1.tlog
C:\Users\Björnligan\Documents\Playground\x64\Debug\link.6292-rc.write.1.tlog
C:\Users\Björnligan\Documents\Playground\x64\Debug\link.6292.read.1.tlog
C:\Users\Björnligan\Documents\Playground\x64\Debug\link.6292.read.2.tlog
C:\Users\Björnligan\Documents\Playground\x64\Debug\link.6292.write.1.tlog
C:\Users\Björnligan\Documents\Playground\x64\Debug\link.6348-cvtres.read.1.tlog
C:\Users\Björnligan\Documents\Playground\x64\Debug\link.6348-cvtres.write.1.tlog
C:\Users\Björnligan\Documents\Playground\x64\Debug\link.6348-rc.read.1.tlog
C:\Users\Björnligan\Documents\Playground\x64\Debug\link.6348-rc.write.1.tlog
C:\Users\Björnligan\Documents\Playground\x64\Debug\link.6348.read.1.tlog
C:\Users\Björnligan\Documents\Playground\x64\Debug\link.6348.read.2.tlog
C:\Users\Björnligan\Documents\Playground\x64\Debug\link.6348.write.1.tlog
C:\Users\Björnligan\Documents\Playground\x64\Debug\link.6372-cvtres.read.1.tlog
C:\Users\Björnligan\Documents\Playground\x64\Debug\link.6372-cvtres.write.1.tlog
C:\Users\Björnligan\Documents\Playground\x64\Debug\link.6372-rc.read.1.tlog
C:\Users\Björnligan\Documents\Playground\x64\Debug\link.6372-rc.write.1.tlog
C:\Users\Björnligan\Documents\Playground\x64\Debug\link.6372.read.1.tlog
C:\Users\Björnligan\Documents\Playground\x64\Debug\link.6372.read.2.tlog
C:\Users\Björnligan\Documents\Playground\x64\Debug\link.6372.write.1.tlog
C:\Users\Björnligan\Documents\Playground\x64\Debug\link.6424-cvtres.read.1.tlog
C:\Users\Björnligan\Documents\Playground\x64\Debug\link.6424-cvtres.write.1.tlog
C:\Users\Björnligan\Documents\Playground\x64\Debug\link.6424-rc.read.1.tlog
C:\Users\Björnligan\Documents\Playground\x64\Debug\link.6424-rc.write.1.tlog
C:\Users\Björnligan\Documents\Playground\x64\Debug\link.6424.read.1.tlog
C:\Users\Björnligan\Documents\Playground\x64\Debug\link.6424.write.1.tlog
C:\Users\Björnligan\Documents\Playground\x64\Debug\link.6456-cvtres.read.1.tlog
C:\Users\Björnligan\Documents\Playground\x64\Debug\link.6456-cvtres.write.1.tlog
C:\Users\Björnligan\Documents\Playground\x64\Debug\link.6456-rc.read.1.tlog
C:\Users\Björnligan\Documents\Playground\x64\Debug\link.6456-rc.write.1.tlog
C:\Users\Björnligan\Documents\Playground\x64\Debug\link.6456.read.1.tlog
C:\Users\Björnligan\Documents\Playground\x64\Debug\link.6456.read.2.tlog
C:\Users\Björnligan\Documents\Playground\x64\Debug\link.6456.write.1.tlog
C:\Users\Björnligan\Documents\Playground\x64\Debug\link.6460-cvtres.read.1.tlog
C:\Users\Björnligan\Documents\Playground\x64\Debug\link.6460-cvtres.write.1.tlog
C:\Users\Björnligan\Documents\Playground\x64\Debug\link.6460-rc.read.1.tlog
C:\Users\Björnligan\Documents\Playground\x64\Debug\link.6460-rc.write.1.tlog
C:\Users\Björnligan\Documents\Playground\x64\Debug\link.6460.read.1.tlog
C:\Users\Björnligan\Documents\Playground\x64\Debug\link.6460.read.2.tlog
C:\Users\Björnligan\Documents\Playground\x64\Debug\link.6460.write.1.tlog
C:\Users\Björnligan\Documents\Playground\x64\Debug\link.6496-cvtres.read.1.tlog
C:\Users\Björnligan\Documents\Playground\x64\Debug\link.6496-cvtres.write.1.tlog
C:\Users\Björnligan\Documents\Playground\x64\Debug\link.6496-rc.read.1.tlog
C:\Users\Björnligan\Documents\Playground\x64\Debug\link.6496-rc.write.1.tlog
C:\Users\Björnligan\Documents\Playground\x64\Debug\link.6496.read.1.tlog
C:\Users\Björnligan\Documents\Playground\x64\Debug\link.6496.read.2.tlog
C:\Users\Björnligan\Documents\Playground\x64\Debug\link.6496.write.1.tlog
C:\Users\Björnligan\Documents\Playground\x64\Debug\link.6512-cvtres.read.1.tlog
C:\Users\Björnligan\Documents\Playground\x64\Debug\link.6512-cvtres.write.1.tlog
C:\Users\Björnligan\Documents\Playground\x64\Debug\link.6512-rc.read.1.tlog
C:\Users\Björnligan\Documents\Playground\x64\Debug\link.6512-rc.write.1.tlog
C:\Users\Björnligan\Documents\Playground\x64\Debug\link.6512.read.1.tlog
C:\Users\Björnligan\Documents\Playground\x64\Debug\link.6512.read.2.tlog
C:\Users\Björnligan\Documents\Playground\x64\Debug\link.6512.write.1.tlog
C:\Users\Björnligan\Documents\Playground\x64\Debug\link.6552-cvtres.read.1.tlog
C:\Users\Björnligan\Documents\Playground\x64\Debug\link.6552-cvtres.write.1.tlog
C:\Users\Björnligan\Documents\Playground\x64\Debug\link.6552-rc.read.1.tlog
C:\Users\Björnligan\Documents\Playground\x64\Debug\link.6552-rc.write.1.tlog
C:\Users\Björnligan\Documents\Playground\x64\Debug\link.6552.read.1.tlog
C:\Users\Björnligan\Documents\Playground\x64\Debug\link.6552.read.2.tlog
C:\Users\Björnligan\Documents\Playground\x64\Debug\link.6552.write.1.tlog
C:\Users\Björnligan\Documents\Playground\x64\Debug\link.6608-cvtres.read.1.tlog
C:\Users\Björnligan\Documents\Playground\x64\Debug\link.6608-cvtres.write.1.tlog
C:\Users\Björnligan\Documents\Playground\x64\Debug\link.6608-rc.read.1.tlog
C:\Users\Björnligan\Documents\Playground\x64\Debug\link.6608-rc.write.1.tlog
C:\Users\Björnligan\Documents\Playground\x64\Debug\link.6608.read.1.tlog
C:\Users\Björnligan\Documents\Playground\x64\Debug\link.6608.read.2.tlog
C:\Users\Björnligan\Documents\Playground\x64\Debug\link.6608.write.1.tlog
C:\Users\Björnligan\Documents\Playground\x64\Debug\link.6636-cvtres.read.1.tlog
C:\Users\Björnligan\Documents\Playground\x64\Debug\link.6636-cvtres.write.1.tlog
C:\Users\Björnligan\Documents\Playground\x64\Debug\link.6636-rc.read.1.tlog
C:\Users\Björnligan\Documents\Playground\x64\Debug\link.6636-rc.write.1.tlog
C:\Users\Björnligan\Documents\Playground\x64\Debug\link.6636.read.1.tlog
C:\Users\Björnligan\Documents\Playground\x64\Debug\link.6636.read.2.tlog
C:\Users\Björnligan\Documents\Playground\x64\Debug\link.6636.write.1.tlog
C:\Users\Björnligan\Documents\Playground\x64\Debug\link.6648-cvtres.read.1.tlog
C:\Users\Björnligan\Documents\Playground\x64\Debug\link.6648-cvtres.write.1.tlog
C:\Users\Björnligan\Documents\Playground\x64\Debug\link.6648-rc.read.1.tlog
C:\Users\Björnligan\Documents\Playground\x64\Debug\link.6648-rc.write.1.tlog
C:\Users\Björnligan\Documents\Playground\x64\Debug\link.6648.read.1.tlog
C:\Users\Björnligan\Documents\Playground\x64\Debug\link.6648.read.2.tlog
C:\Users\Björnligan\Documents\Playground\x64\Debug\link.6648.write.1.tlog
C:\Users\Björnligan\Documents\Playground\x64\Debug\link.6652-cvtres.read.1.tlog
C:\Users\Björnligan\Documents\Playground\x64\Debug\link.6652-cvtres.write.1.tlog
C:\Users\Björnligan\Documents\Playground\x64\Debug\link.6652-rc.read.1.tlog
C:\Users\Björnligan\Documents\Playground\x64\Debug\link.6652-rc.write.1.tlog
C:\Users\Björnligan\Documents\Playground\x64\Debug\link.6652.read.1.tlog
C:\Users\Björnligan\Documents\Playground\x64\Debug\link.6652.read.2.tlog
C:\Users\Björnligan\Documents\Playground\x64\Debug\link.6652.write.1.tlog
C:\Users\Björnligan\Documents\Playground\x64\Debug\link.6724-cvtres.read.1.tlog
C:\Users\Björnligan\Documents\Playground\x64\Debug\link.6724-cvtres.write.1.tlog
C:\Users\Björnligan\Documents\Playground\x64\Debug\link.6724-rc.read.1.tlog
C:\Users\Björnligan\Documents\Playground\x64\Debug\link.6724-rc.write.1.tlog
C:\Users\Björnligan\Documents\Playground\x64\Debug\link.6724.read.1.tlog
C:\Users\Björnligan\Documents\Playground\x64\Debug\link.6724.read.2.tlog
C:\Users\Björnligan\Documents\Playground\x64\Debug\link.6724.write.1.tlog
C:\Users\Björnligan\Documents\Playground\x64\Debug\link.6728-cvtres.read.1.tlog
C:\Users\Björnligan\Documents\Playground\x64\Debug\link.6728-cvtres.write.1.tlog
C:\Users\Björnligan\Documents\Playground\x64\Debug\link.6728-rc.read.1.tlog
C:\Users\Björnligan\Documents\Playground\x64\Debug\link.6728-rc.write.1.tlog
C:\Users\Björnligan\Documents\Playground\x64\Debug\link.6728.read.1.tlog
C:\Users\Björnligan\Documents\Playground\x64\Debug\link.6728.read.2.tlog
C:\Users\Björnligan\Documents\Playground\x64\Debug\link.6728.write.1.tlog
C:\Users\Björnligan\Documents\Playground\x64\Debug\link.6736-cvtres.read.1.tlog
C:\Users\Björnligan\Documents\Playground\x64\Debug\link.6736-cvtres.write.1.tlog
C:\Users\Björnligan\Documents\Playground\x64\Debug\link.6736-rc.read.1.tlog
C:\Users\Björnligan\Documents\Playground\x64\Debug\link.6736-rc.write.1.tlog
C:\Users\Björnligan\Documents\Playground\x64\Debug\link.6736.read.1.tlog
C:\Users\Björnligan\Documents\Playground\x64\Debug\link.6736.read.2.tlog
C:\Users\Björnligan\Documents\Playground\x64\Debug\link.6736.write.1.tlog
C:\Users\Björnligan\Documents\Playground\x64\Debug\link.6748-cvtres.read.1.tlog
C:\Users\Björnligan\Documents\Playground\x64\Debug\link.6748-cvtres.write.1.tlog
C:\Users\Björnligan\Documents\Playground\x64\Debug\link.6748-rc.read.1.tlog
C:\Users\Björnligan\Documents\Playground\x64\Debug\link.6748-rc.write.1.tlog
C:\Users\Björnligan\Documents\Playground\x64\Debug\link.6748.read.1.tlog
C:\Users\Björnligan\Documents\Playground\x64\Debug\link.6748.read.2.tlog
C:\Users\Björnligan\Documents\Playground\x64\Debug\link.6748.write.1.tlog
C:\Users\Björnligan\Documents\Playground\x64\Debug\link.6768-cvtres.read.1.tlog
C:\Users\Björnligan\Documents\Playground\x64\Debug\link.6768-cvtres.write.1.tlog
C:\Users\Björnligan\Documents\Playground\x64\Debug\link.6768-rc.read.1.tlog
C:\Users\Björnligan\Documents\Playground\x64\Debug\link.6768-rc.write.1.tlog
C:\Users\Björnligan\Documents\Playground\x64\Debug\link.6768.read.1.tlog
C:\Users\Björnligan\Documents\Playground\x64\Debug\link.6768.read.2.tlog
C:\Users\Björnligan\Documents\Playground\x64\Debug\link.6768.write.1.tlog
C:\Users\Björnligan\Documents\Playground\x64\Debug\link.6776-cvtres.read.1.tlog
C:\Users\Björnligan\Documents\Playground\x64\Debug\link.6776-cvtres.write.1.tlog
C:\Users\Björnligan\Documents\Playground\x64\Debug\link.6776-rc.read.1.tlog
C:\Users\Björnligan\Documents\Playground\x64\Debug\link.6776-rc.write.1.tlog
C:\Users\Björnligan\Documents\Playground\x64\Debug\link.6776.read.1.tlog
C:\Users\Björnligan\Documents\Playground\x64\Debug\link.6776.read.2.tlog
C:\Users\Björnligan\Documents\Playground\x64\Debug\link.6776.write.1.tlog
C:\Users\Björnligan\Documents\Playground\x64\Debug\link.6788-cvtres.read.1.tlog
C:\Users\Björnligan\Documents\Playground\x64\Debug\link.6788-cvtres.write.1.tlog
C:\Users\Björnligan\Documents\Playground\x64\Debug\link.6788-rc.read.1.tlog
C:\Users\Björnligan\Documents\Playground\x64\Debug\link.6788-rc.write.1.tlog
C:\Users\Björnligan\Documents\Playground\x64\Debug\link.6788.read.1.tlog
C:\Users\Björnligan\Documents\Playground\x64\Debug\link.6788.read.2.tlog
C:\Users\Björnligan\Documents\Playground\x64\Debug\link.6788.write.1.tlog
C:\Users\Björnligan\Documents\Playground\x64\Debug\link.6816-cvtres.read.1.tlog
C:\Users\Björnligan\Documents\Playground\x64\Debug\link.6816-cvtres.write.1.tlog
C:\Users\Björnligan\Documents\Playground\x64\Debug\link.6816-rc.read.1.tlog
C:\Users\Björnligan\Documents\Playground\x64\Debug\link.6816-rc.write.1.tlog
C:\Users\Björnligan\Documents\Playground\x64\Debug\link.6816.read.1.tlog
C:\Users\Björnligan\Documents\Playground\x64\Debug\link.6816.read.2.tlog
C:\Users\Björnligan\Documents\Playground\x64\Debug\link.6816.write.1.tlog
C:\Users\Björnligan\Documents\Playground\x64\Debug\link.6868-cvtres.read.1.tlog
C:\Users\Björnligan\Documents\Playground\x64\Debug\link.6868-cvtres.write.1.tlog
C:\Users\Björnligan\Documents\Playground\x64\Debug\link.6868-rc.read.1.tlog
C:\Users\Björnligan\Documents\Playground\x64\Debug\link.6868-rc.write.1.tlog
C:\Users\Björnligan\Documents\Playground\x64\Debug\link.6868.read.1.tlog
C:\Users\Björnligan\Documents\Playground\x64\Debug\link.6868.read.2.tlog
C:\Users\Björnligan\Documents\Playground\x64\Debug\link.6868.write.1.tlog
C:\Users\Björnligan\Documents\Playground\x64\Debug\link.6896-cvtres.read.1.tlog
C:\Users\Björnligan\Documents\Playground\x64\Debug\link.6896-cvtres.write.1.tlog
C:\Users\Björnligan\Documents\Playground\x64\Debug\link.6896-rc.read.1.tlog
C:\Users\Björnligan\Documents\Playground\x64\Debug\link.6896-rc.write.1.tlog
C:\Users\Björnligan\Documents\Playground\x64\Debug\link.6896.read.1.tlog
C:\Users\Björnligan\Documents\Playground\x64\Debug\link.6896.read.2.tlog
C:\Users\Björnligan\Documents\Playground\x64\Debug\link.6896.write.1.tlog
C:\Users\Björnligan\Documents\Playground\x64\Debug\link.6916-cvtres.read.1.tlog
C:\Users\Björnligan\Documents\Playground\x64\Debug\link.6916-cvtres.write.1.tlog
C:\Users\Björnligan\Documents\Playground\x64\Debug\link.6916-rc.read.1.tlog
C:\Users\Björnligan\Documents\Playground\x64\Debug\link.6916-rc.write.1.tlog
C:\Users\Björnligan\Documents\Playground\x64\Debug\link.6916.read.1.tlog
C:\Users\Björnligan\Documents\Playground\x64\Debug\link.6916.read.2.tlog
C:\Users\Björnligan\Documents\Playground\x64\Debug\link.6916.write.1.tlog
C:\Users\Björnligan\Documents\Playground\x64\Debug\link.6924-cvtres.read.1.tlog
C:\Users\Björnligan\Documents\Playground\x64\Debug\link.6924-cvtres.write.1.tlog
C:\Users\Björnligan\Documents\Playground\x64\Debug\link.6924-rc.read.1.tlog
C:\Users\Björnligan\Documents\Playground\x64\Debug\link.6924-rc.write.1.tlog
C:\Users\Björnligan\Documents\Playground\x64\Debug\link.6924.read.1.tlog
C:\Users\Björnligan\Documents\Playground\x64\Debug\link.6924.read.2.tlog
C:\Users\Björnligan\Documents\Playground\x64\Debug\link.6924.write.1.tlog
C:\Users\Björnligan\Documents\Playground\x64\Debug\link.6960-cvtres.read.1.tlog
C:\Users\Björnligan\Documents\Playground\x64\Debug\link.6960-cvtres.write.1.tlog
C:\Users\Björnligan\Documents\Playground\x64\Debug\link.6960-rc.read.1.tlog
C:\Users\Björnligan\Documents\Playground\x64\Debug\link.6960-rc.write.1.tlog
C:\Users\Björnligan\Documents\Playground\x64\Debug\link.6960.read.1.tlog
C:\Users\Björnligan\Documents\Playground\x64\Debug\link.6960.read.2.tlog
C:\Users\Björnligan\Documents\Playground\x64\Debug\link.6960.write.1.tlog
C:\Users\Björnligan\Documents\Playground\x64\Debug\link.6976-cvtres.read.1.tlog
C:\Users\Björnligan\Documents\Playground\x64\Debug\link.6976-cvtres.write.1.tlog
C:\Users\Björnligan\Documents\Playground\x64\Debug\link.6976-rc.read.1.tlog
C:\Users\Björnligan\Documents\Playground\x64\Debug\link.6976-rc.write.1.tlog
C:\Users\Björnligan\Documents\Playground\x64\Debug\link.6976.read.1.tlog
C:\Users\Björnligan\Documents\Playground\x64\Debug\link.6976.read.2.tlog
C:\Users\Björnligan\Documents\Playground\x64\Debug\link.6976.write.1.tlog
C:\Users\Björnligan\Documents\Playground\x64\Debug\link.7008-cvtres.read.1.tlog
C:\Users\Björnligan\Documents\Playground\x64\Debug\link.7008-cvtres.write.1.tlog
C:\Users\Björnligan\Documents\Playground\x64\Debug\link.7008-rc.read.1.tlog
C:\Users\Björnligan\Documents\Playground\x64\Debug\link.7008-rc.write.1.tlog
C:\Users\Björnligan\Documents\Playground\x64\Debug\link.7008.read.1.tlog
C:\Users\Björnligan\Documents\Playground\x64\Debug\link.7008.read.2.tlog
C:\Users\Björnligan\Documents\Playground\x64\Debug\link.7008.write.1.tlog
C:\Users\Björnligan\Documents\Playground\x64\Debug\link.7052-cvtres.read.1.tlog
C:\Users\Björnligan\Documents\Playground\x64\Debug\link.7052-cvtres.write.1.tlog
C:\Users\Björnligan\Documents\Playground\x64\Debug\link.7052-rc.read.1.tlog
C:\Users\Björnligan\Documents\Playground\x64\Debug\link.7052-rc.write.1.tlog
C:\Users\Björnligan\Documents\Playground\x64\Debug\link.7052.read.1.tlog
C:\Users\Björnligan\Documents\Playground\x64\Debug\link.7052.read.2.tlog
C:\Users\Björnligan\Documents\Playground\x64\Debug\link.7052.write.1.tlog
C:\Users\Björnligan\Documents\Playground\x64\Debug\link.7056-cvtres.read.1.tlog
C:\Users\Björnligan\Documents\Playground\x64\Debug\link.7056-cvtres.write.1.tlog
C:\Users\Björnligan\Documents\Playground\x64\Debug\link.7056-rc.read.1.tlog
C:\Users\Björnligan\Documents\Playground\x64\Debug\link.7056-rc.write.1.tlog
C:\Users\Björnligan\Documents\Playground\x64\Debug\link.7056.read.1.tlog
C:\Users\Björnligan\Documents\Playground\x64\Debug\link.7056.read.2.tlog
C:\Users\Björnligan\Documents\Playground\x64\Debug\link.7056.write.1.tlog
C:\Users\Björnligan\Documents\Playground\x64\Debug\link.7084-cvtres.read.1.tlog
C:\Users\Björnligan\Documents\Playground\x64\Debug\link.7084-cvtres.write.1.tlog
C:\Users\Björnligan\Documents\Playground\x64\Debug\link.7084-rc.read.1.tlog
C:\Users\Björnligan\Documents\Playground\x64\Debug\link.7084-rc.write.1.tlog
C:\Users\Björnligan\Documents\Playground\x64\Debug\link.7084.read.1.tlog
C:\Users\Björnligan\Documents\Playground\x64\Debug\link.7084.read.2.tlog
C:\Users\Björnligan\Documents\Playground\x64\Debug\link.7084.write.1.tlog
C:\Users\Björnligan\Documents\Playground\x64\Debug\link.7092-cvtres.read.1.tlog
C:\Users\Björnligan\Documents\Playground\x64\Debug\link.7092-cvtres.write.1.tlog
C:\Users\Björnligan\Documents\Playground\x64\Debug\link.7092-rc.read.1.tlog
C:\Users\Björnligan\Documents\Playground\x64\Debug\link.7092-rc.write.1.tlog
C:\Users\Björnligan\Documents\Playground\x64\Debug\link.7092.read.1.tlog
C:\Users\Björnligan\Documents\Playground\x64\Debug\link.7092.read.2.tlog
C:\Users\Björnligan\Documents\Playground\x64\Debug\link.7092.write.1.tlog
C:\Users\Björnligan\Documents\Playground\x64\Debug\link.7108-cvtres.read.1.tlog
C:\Users\Björnligan\Documents\Playground\x64\Debug\link.7108-cvtres.write.1.tlog
C:\Users\Björnligan\Documents\Playground\x64\Debug\link.7108-rc.read.1.tlog
C:\Users\Björnligan\Documents\Playground\x64\Debug\link.7108-rc.write.1.tlog
C:\Users\Björnligan\Documents\Playground\x64\Debug\link.7108.read.1.tlog
C:\Users\Björnligan\Documents\Playground\x64\Debug\link.7108.read.2.tlog
C:\Users\Björnligan\Documents\Playground\x64\Debug\link.7108.write.1.tlog
C:\Users\Björnligan\Documents\Playground\x64\Debug\link.7112-cvtres.read.1.tlog
C:\Users\Björnligan\Documents\Playground\x64\Debug\link.7112-cvtres.write.1.tlog
C:\Users\Björnligan\Documents\Playground\x64\Debug\link.7112-rc.read.1.tlog
C:\Users\Björnligan\Documents\Playground\x64\Debug\link.7112-rc.write.1.tlog
C:\Users\Björnligan\Documents\Playground\x64\Debug\link.7112.read.1.tlog
C:\Users\Björnligan\Documents\Playground\x64\Debug\link.7112.read.2.tlog
C:\Users\Björnligan\Documents\Playground\x64\Debug\link.7112.write.1.tlog
C:\Users\Björnligan\Documents\Playground\x64\Debug\link.712-cvtres.read.1.tlog
C:\Users\Björnligan\Documents\Playground\x64\Debug\link.712-cvtres.write.1.tlog
C:\Users\Björnligan\Documents\Playground\x64\Debug\link.712-rc.read.1.tlog
C:\Users\Björnligan\Documents\Playground\x64\Debug\link.712-rc.write.1.tlog
C:\Users\Björnligan\Documents\Playground\x64\Debug\link.712.read.1.tlog
C:\Users\Björnligan\Documents\Playground\x64\Debug\link.712.read.2.tlog
C:\Users\Björnligan\Documents\Playground\x64\Debug\link.712.write.1.tlog
C:\Users\Björnligan\Documents\Playground\x64\Debug\link.7124-cvtres.read.1.tlog
C:\Users\Björnligan\Documents\Playground\x64\Debug\link.7124-cvtres.write.1.tlog
C:\Users\Björnligan\Documents\Playground\x64\Debug\link.7124-rc.read.1.tlog
C:\Users\Björnligan\Documents\Playground\x64\Debug\link.7124-rc.write.1.tlog
C:\Users\Björnligan\Documents\Playground\x64\Debug\link.7124.read.1.tlog
C:\Users\Björnligan\Documents\Playground\x64\Debug\link.7124.read.2.tlog
C:\Users\Björnligan\Documents\Playground\x64\Debug\link.7124.write.1.tlog
C:\Users\Björnligan\Documents\Playground\x64\Debug\link.7128-cvtres.read.1.tlog
C:\Users\Björnligan\Documents\Playground\x64\Debug\link.7128-cvtres.write.1.tlog
C:\Users\Björnligan\Documents\Playground\x64\Debug\link.7128-rc.read.1.tlog
C:\Users\Björnligan\Documents\Playground\x64\Debug\link.7128-rc.write.1.tlog
C:\Users\Björnligan\Documents\Playground\x64\Debug\link.7128.read.1.tlog
C:\Users\Björnligan\Documents\Playground\x64\Debug\link.7128.read.2.tlog
C:\Users\Björnligan\Documents\Playground\x64\Debug\link.7128.write.1.tlog
C:\Users\Björnligan\Documents\Playground\x64\Debug\link.7148-cvtres.read.1.tlog
C:\Users\Björnligan\Documents\Playground\x64\Debug\link.7148-cvtres.write.1.tlog
C:\Users\Björnligan\Documents\Playground\x64\Debug\link.7148-rc.read.1.tlog
C:\Users\Björnligan\Documents\Playground\x64\Debug\link.7148-rc.write.1.tlog
C:\Users\Björnligan\Documents\Playground\x64\Debug\link.7148.read.1.tlog
C:\Users\Björnligan\Documents\Playground\x64\Debug\link.7148.read.2.tlog
C:\Users\Björnligan\Documents\Playground\x64\Debug\link.7148.write.1.tlog
C:\Users\Björnligan\Documents\Playground\x64\Debug\link.7160-cvtres.read.1.tlog
C:\Users\Björnligan\Documents\Playground\x64\Debug\link.7160-cvtres.write.1.tlog
C:\Users\Björnligan\Documents\Playground\x64\Debug\link.7160-rc.read.1.tlog
C:\Users\Björnligan\Documents\Playground\x64\Debug\link.7160-rc.write.1.tlog
C:\Users\Björnligan\Documents\Playground\x64\Debug\link.7160.read.1.tlog
C:\Users\Björnligan\Documents\Playground\x64\Debug\link.7160.read.2.tlog
C:\Users\Björnligan\Documents\Playground\x64\Debug\link.7160.write.1.tlog
C:\Users\Björnligan\Documents\Playground\x64\Debug\link.7208-cvtres.read.1.tlog
C:\Users\Björnligan\Documents\Playground\x64\Debug\link.7208-cvtres.write.1.tlog
C:\Users\Björnligan\Documents\Playground\x64\Debug\link.7208-rc.read.1.tlog
C:\Users\Björnligan\Documents\Playground\x64\Debug\link.7208-rc.write.1.tlog
C:\Users\Björnligan\Documents\Playground\x64\Debug\link.7208.read.1.tlog
C:\Users\Björnligan\Documents\Playground\x64\Debug\link.7208.read.2.tlog
C:\Users\Björnligan\Documents\Playground\x64\Debug\link.7208.write.1.tlog
C:\Users\Björnligan\Documents\Playground\x64\Debug\link.7304-cvtres.read.1.tlog
C:\Users\Björnligan\Documents\Playground\x64\Debug\link.7304-cvtres.write.1.tlog
C:\Users\Björnligan\Documents\Playground\x64\Debug\link.7304-rc.read.1.tlog
C:\Users\Björnligan\Documents\Playground\x64\Debug\link.7304-rc.write.1.tlog
C:\Users\Björnligan\Documents\Playground\x64\Debug\link.7304.read.1.tlog
C:\Users\Björnligan\Documents\Playground\x64\Debug\link.7304.read.2.tlog
C:\Users\Björnligan\Documents\Playground\x64\Debug\link.7304.write.1.tlog
C:\Users\Björnligan\Documents\Playground\x64\Debug\link.7376-cvtres.read.1.tlog
C:\Users\Björnligan\Documents\Playground\x64\Debug\link.7376-cvtres.write.1.tlog
C:\Users\Björnligan\Documents\Playground\x64\Debug\link.7376-rc.read.1.tlog
C:\Users\Björnligan\Documents\Playground\x64\Debug\link.7376-rc.write.1.tlog
C:\Users\Björnligan\Documents\Playground\x64\Debug\link.7376.read.1.tlog
C:\Users\Björnligan\Documents\Playground\x64\Debug\link.7376.read.2.tlog
C:\Users\Björnligan\Documents\Playground\x64\Debug\link.7376.write.1.tlog
C:\Users\Björnligan\Documents\Playground\x64\Debug\link.7396-cvtres.read.1.tlog
C:\Users\Björnligan\Documents\Playground\x64\Debug\link.7396-cvtres.write.1.tlog
C:\Users\Björnligan\Documents\Playground\x64\Debug\link.7396-rc.read.1.tlog
C:\Users\Björnligan\Documents\Playground\x64\Debug\link.7396-rc.write.1.tlog
C:\Users\Björnligan\Documents\Playground\x64\Debug\link.7396.read.1.tlog
C:\Users\Björnligan\Documents\Playground\x64\Debug\link.7396.read.2.tlog
C:\Users\Björnligan\Documents\Playground\x64\Debug\link.7396.write.1.tlog
C:\Users\Björnligan\Documents\Playground\x64\Debug\link.7488-cvtres.read.1.tlog
C:\Users\Björnligan\Documents\Playground\x64\Debug\link.7488-cvtres.write.1.tlog
C:\Users\Björnligan\Documents\Playground\x64\Debug\link.7488-rc.read.1.tlog
C:\Users\Björnligan\Documents\Playground\x64\Debug\link.7488-rc.write.1.tlog
C:\Users\Björnligan\Documents\Playground\x64\Debug\link.7488.read.1.tlog
C:\Users\Björnligan\Documents\Playground\x64\Debug\link.7488.read.2.tlog
C:\Users\Björnligan\Documents\Playground\x64\Debug\link.7488.write.1.tlog
C:\Users\Björnligan\Documents\Playground\x64\Debug\link.7524-cvtres.read.1.tlog
C:\Users\Björnligan\Documents\Playground\x64\Debug\link.7524-cvtres.write.1.tlog
C:\Users\Björnligan\Documents\Playground\x64\Debug\link.7524-rc.read.1.tlog
C:\Users\Björnligan\Documents\Playground\x64\Debug\link.7524-rc.write.1.tlog
C:\Users\Björnligan\Documents\Playground\x64\Debug\link.7524.read.1.tlog
C:\Users\Björnligan\Documents\Playground\x64\Debug\link.7524.read.2.tlog
C:\Users\Björnligan\Documents\Playground\x64\Debug\link.7524.write.1.tlog
C:\Users\Björnligan\Documents\Playground\x64\Debug\link.7564-cvtres.read.1.tlog
C:\Users\Björnligan\Documents\Playground\x64\Debug\link.7564-cvtres.write.1.tlog
C:\Users\Björnligan\Documents\Playground\x64\Debug\link.7564-rc.read.1.tlog
C:\Users\Björnligan\Documents\Playground\x64\Debug\link.7564-rc.write.1.tlog
C:\Users\Björnligan\Documents\Playground\x64\Debug\link.7564.read.1.tlog
C:\Users\Björnligan\Documents\Playground\x64\Debug\link.7564.read.2.tlog
C:\Users\Björnligan\Documents\Playground\x64\Debug\link.7564.write.1.tlog
C:\Users\Björnligan\Documents\Playground\x64\Debug\link.7580-cvtres.read.1.tlog
C:\Users\Björnligan\Documents\Playground\x64\Debug\link.7580-cvtres.write.1.tlog
C:\Users\Björnligan\Documents\Playground\x64\Debug\link.7580-rc.read.1.tlog
C:\Users\Björnligan\Documents\Playground\x64\Debug\link.7580-rc.write.1.tlog
C:\Users\Björnligan\Documents\Playground\x64\Debug\link.7580.read.1.tlog
C:\Users\Björnligan\Documents\Playground\x64\Debug\link.7580.read.2.tlog
C:\Users\Björnligan\Documents\Playground\x64\Debug\link.7580.write.1.tlog
C:\Users\Björnligan\Documents\Playground\x64\Debug\link.7616-cvtres.read.1.tlog
C:\Users\Björnligan\Documents\Playground\x64\Debug\link.7616-cvtres.write.1.tlog
C:\Users\Björnligan\Documents\Playground\x64\Debug\link.7616-rc.read.1.tlog
C:\Users\Björnligan\Documents\Playground\x64\Debug\link.7616-rc.write.1.tlog
C:\Users\Björnligan\Documents\Playground\x64\Debug\link.7616.read.1.tlog
C:\Users\Björnligan\Documents\Playground\x64\Debug\link.7616.read.2.tlog
C:\Users\Björnligan\Documents\Playground\x64\Debug\link.7616.write.1.tlog
C:\Users\Björnligan\Documents\Playground\x64\Debug\link.7628-cvtres.read.1.tlog
C:\Users\Björnligan\Documents\Playground\x64\Debug\link.7628-cvtres.write.1.tlog
C:\Users\Björnligan\Documents\Playground\x64\Debug\link.7628-rc.read.1.tlog
C:\Users\Björnligan\Documents\Playground\x64\Debug\link.7628-rc.write.1.tlog
C:\Users\Björnligan\Documents\Playground\x64\Debug\link.7628.read.1.tlog
C:\Users\Björnligan\Documents\Playground\x64\Debug\link.7628.read.2.tlog
C:\Users\Björnligan\Documents\Playground\x64\Debug\link.7628.write.1.tlog
C:\Users\Björnligan\Documents\Playground\x64\Debug\link.7632-cvtres.read.1.tlog
C:\Users\Björnligan\Documents\Playground\x64\Debug\link.7632-cvtres.write.1.tlog
C:\Users\Björnligan\Documents\Playground\x64\Debug\link.7632-rc.read.1.tlog
C:\Users\Björnligan\Documents\Playground\x64\Debug\link.7632-rc.write.1.tlog
C:\Users\Björnligan\Documents\Playground\x64\Debug\link.7632.read.1.tlog
C:\Users\Björnligan\Documents\Playground\x64\Debug\link.7632.read.2.tlog
C:\Users\Björnligan\Documents\Playground\x64\Debug\link.7632.write.1.tlog
C:\Users\Björnligan\Documents\Playground\x64\Debug\link.7656-cvtres.read.1.tlog
C:\Users\Björnligan\Documents\Playground\x64\Debug\link.7656-cvtres.write.1.tlog
C:\Users\Björnligan\Documents\Playground\x64\Debug\link.7656-rc.read.1.tlog
C:\Users\Björnligan\Documents\Playground\x64\Debug\link.7656-rc.write.1.tlog
C:\Users\Björnligan\Documents\Playground\x64\Debug\link.7656.read.1.tlog
C:\Users\Björnligan\Documents\Playground\x64\Debug\link.7656.read.2.tlog
C:\Users\Björnligan\Documents\Playground\x64\Debug\link.7656.write.1.tlog
C:\Users\Björnligan\Documents\Playground\x64\Debug\link.7668-cvtres.read.1.tlog
C:\Users\Björnligan\Documents\Playground\x64\Debug\link.7668-cvtres.write.1.tlog
C:\Users\Björnligan\Documents\Playground\x64\Debug\link.7668-rc.read.1.tlog
C:\Users\Björnligan\Documents\Playground\x64\Debug\link.7668-rc.write.1.tlog
C:\Users\Björnligan\Documents\Playground\x64\Debug\link.7668.read.1.tlog
C:\Users\Björnligan\Documents\Playground\x64\Debug\link.7668.read.2.tlog
C:\Users\Björnligan\Documents\Playground\x64\Debug\link.7668.write.1.tlog
C:\Users\Björnligan\Documents\Playground\x64\Debug\link.7684-cvtres.read.1.tlog
C:\Users\Björnligan\Documents\Playground\x64\Debug\link.7684-cvtres.write.1.tlog
C:\Users\Björnligan\Documents\Playground\x64\Debug\link.7684-rc.read.1.tlog
C:\Users\Björnligan\Documents\Playground\x64\Debug\link.7684-rc.write.1.tlog
C:\Users\Björnligan\Documents\Playground\x64\Debug\link.7684.read.1.tlog
C:\Users\Björnligan\Documents\Playground\x64\Debug\link.7684.write.1.tlog
C:\Users\Björnligan\Documents\Playground\x64\Debug\link.7720-cvtres.read.1.tlog
C:\Users\Björnligan\Documents\Playground\x64\Debug\link.7720-cvtres.write.1.tlog
C:\Users\Björnligan\Documents\Playground\x64\Debug\link.7720-rc.read.1.tlog
C:\Users\Björnligan\Documents\Playground\x64\Debug\link.7720-rc.write.1.tlog
C:\Users\Björnligan\Documents\Playground\x64\Debug\link.7720.read.1.tlog
C:\Users\Björnligan\Documents\Playground\x64\Debug\link.7720.read.2.tlog
C:\Users\Björnligan\Documents\Playground\x64\Debug\link.7720.write.1.tlog
C:\Users\Björnligan\Documents\Playground\x64\Debug\link.7780-cvtres.read.1.tlog
C:\Users\Björnligan\Documents\Playground\x64\Debug\link.7780-cvtres.write.1.tlog
C:\Users\Björnligan\Documents\Playground\x64\Debug\link.7780-rc.read.1.tlog
C:\Users\Björnligan\Documents\Playground\x64\Debug\link.7780-rc.write.1.tlog
C:\Users\Björnligan\Documents\Playground\x64\Debug\link.7780.read.1.tlog
C:\Users\Björnligan\Documents\Playground\x64\Debug\link.7780.read.2.tlog
C:\Users\Björnligan\Documents\Playground\x64\Debug\link.7780.write.1.tlog
C:\Users\Björnligan\Documents\Playground\x64\Debug\link.780-cvtres.read.1.tlog
C:\Users\Björnligan\Documents\Playground\x64\Debug\link.780-cvtres.write.1.tlog
C:\Users\Björnligan\Documents\Playground\x64\Debug\link.780-rc.read.1.tlog
C:\Users\Björnligan\Documents\Playground\x64\Debug\link.780-rc.write.1.tlog
C:\Users\Björnligan\Documents\Playground\x64\Debug\link.780.read.1.tlog
C:\Users\Björnligan\Documents\Playground\x64\Debug\link.780.read.2.tlog
C:\Users\Björnligan\Documents\Playground\x64\Debug\link.780.write.1.tlog
C:\Users\Björnligan\Documents\Playground\x64\Debug\link.7812-cvtres.read.1.tlog
C:\Users\Björnligan\Documents\Playground\x64\Debug\link.7812-cvtres.write.1.tlog
C:\Users\Björnligan\Documents\Playground\x64\Debug\link.7812-rc.read.1.tlog
C:\Users\Björnligan\Documents\Playground\x64\Debug\link.7812-rc.write.1.tlog
C:\Users\Björnligan\Documents\Playground\x64\Debug\link.7812.read.1.tlog
C:\Users\Björnligan\Documents\Playground\x64\Debug\link.7812.read.2.tlog
C:\Users\Björnligan\Documents\Playground\x64\Debug\link.7812.write.1.tlog
C:\Users\Björnligan\Documents\Playground\x64\Debug\link.7832-cvtres.read.1.tlog
C:\Users\Björnligan\Documents\Playground\x64\Debug\link.7832-cvtres.write.1.tlog
C:\Users\Björnligan\Documents\Playground\x64\Debug\link.7832-rc.read.1.tlog
C:\Users\Björnligan\Documents\Playground\x64\Debug\link.7832-rc.write.1.tlog
C:\Users\Björnligan\Documents\Playground\x64\Debug\link.7832.read.1.tlog
C:\Users\Björnligan\Documents\Playground\x64\Debug\link.7832.read.2.tlog
C:\Users\Björnligan\Documents\Playground\x64\Debug\link.7832.write.1.tlog
C:\Users\Björnligan\Documents\Playground\x64\Debug\link.7908-cvtres.read.1.tlog
C:\Users\Björnligan\Documents\Playground\x64\Debug\link.7908-cvtres.write.1.tlog
C:\Users\Björnligan\Documents\Playground\x64\Debug\link.7908-rc.read.1.tlog
C:\Users\Björnligan\Documents\Playground\x64\Debug\link.7908-rc.write.1.tlog
C:\Users\Björnligan\Documents\Playground\x64\Debug\link.7908.read.1.tlog
C:\Users\Björnligan\Documents\Playground\x64\Debug\link.7908.read.2.tlog
C:\Users\Björnligan\Documents\Playground\x64\Debug\link.7908.write.1.tlog
C:\Users\Björnligan\Documents\Playground\x64\Debug\link.7916-cvtres.read.1.tlog
C:\Users\Björnligan\Documents\Playground\x64\Debug\link.7916-cvtres.write.1.tlog
C:\Users\Björnligan\Documents\Playground\x64\Debug\link.7916-rc.read.1.tlog
C:\Users\Björnligan\Documents\Playground\x64\Debug\link.7916-rc.write.1.tlog
C:\Users\Björnligan\Documents\Playground\x64\Debug\link.7916.read.1.tlog
C:\Users\Björnligan\Documents\Playground\x64\Debug\link.7916.read.2.tlog
C:\Users\Björnligan\Documents\Playground\x64\Debug\link.7916.write.1.tlog
C:\Users\Björnligan\Documents\Playground\x64\Debug\link.8012-cvtres.read.1.tlog
C:\Users\Björnligan\Documents\Playground\x64\Debug\link.8012-cvtres.write.1.tlog
C:\Users\Björnligan\Documents\Playground\x64\Debug\link.8012-rc.read.1.tlog
C:\Users\Björnligan\Documents\Playground\x64\Debug\link.8012-rc.write.1.tlog
C:\Users\Björnligan\Documents\Playground\x64\Debug\link.8012.read.1.tlog
C:\Users\Björnligan\Documents\Playground\x64\Debug\link.8012.read.2.tlog
C:\Users\Björnligan\Documents\Playground\x64\Debug\link.8012.write.1.tlog
C:\Users\Björnligan\Documents\Playground\x64\Debug\link.8052-cvtres.read.1.tlog
C:\Users\Björnligan\Documents\Playground\x64\Debug\link.8052-cvtres.write.1.tlog
C:\Users\Björnligan\Documents\Playground\x64\Debug\link.8052-rc.read.1.tlog
C:\Users\Björnligan\Documents\Playground\x64\Debug\link.8052-rc.write.1.tlog
C:\Users\Björnligan\Documents\Playground\x64\Debug\link.8052.read.1.tlog
C:\Users\Björnligan\Documents\Playground\x64\Debug\link.8052.read.2.tlog
C:\Users\Björnligan\Documents\Playground\x64\Debug\link.8052.write.1.tlog
C:\Users\Björnligan\Documents\Playground\x64\Debug\link.8124-cvtres.read.1.tlog
C:\Users\Björnligan\Documents\Playground\x64\Debug\link.8124-cvtres.write.1.tlog
C:\Users\Björnligan\Documents\Playground\x64\Debug\link.8124-rc.read.1.tlog
C:\Users\Björnligan\Documents\Playground\x64\Debug\link.8124-rc.write.1.tlog
C:\Users\Björnligan\Documents\Playground\x64\Debug\link.8124.read.1.tlog
C:\Users\Björnligan\Documents\Playground\x64\Debug\link.8124.read.2.tlog
C:\Users\Björnligan\Documents\Playground\x64\Debug\link.8124.write.1.tlog
C:\Users\Björnligan\Documents\Playground\x64\Debug\link.8140-cvtres.read.1.tlog
C:\Users\Björnligan\Documents\Playground\x64\Debug\link.8140-cvtres.write.1.tlog
C:\Users\Björnligan\Documents\Playground\x64\Debug\link.8140-rc.read.1.tlog
C:\Users\Björnligan\Documents\Playground\x64\Debug\link.8140-rc.write.1.tlog
C:\Users\Björnligan\Documents\Playground\x64\Debug\link.8140.read.1.tlog
C:\Users\Björnligan\Documents\Playground\x64\Debug\link.8140.read.2.tlog
C:\Users\Björnligan\Documents\Playground\x64\Debug\link.8140.write.1.tlog
C:\Users\Björnligan\Documents\Playground\x64\Debug\link.8168-cvtres.read.1.tlog
C:\Users\Björnligan\Documents\Playground\x64\Debug\link.8168-cvtres.write.1.tlog
C:\Users\Björnligan\Documents\Playground\x64\Debug\link.8168-rc.read.1.tlog
C:\Users\Björnligan\Documents\Playground\x64\Debug\link.8168-rc.write.1.tlog
C:\Users\Björnligan\Documents\Playground\x64\Debug\link.8168.read.1.tlog
C:\Users\Björnligan\Documents\Playground\x64\Debug\link.8168.read.2.tlog
C:\Users\Björnligan\Documents\Playground\x64\Debug\link.8168.write.1.tlog
C:\Users\Björnligan\Documents\Playground\x64\Debug\link.8172-cvtres.read.1.tlog
C:\Users\Björnligan\Documents\Playground\x64\Debug\link.8172-cvtres.write.1.tlog
C:\Users\Björnligan\Documents\Playground\x64\Debug\link.8172-rc.read.1.tlog
C:\Users\Björnligan\Documents\Playground\x64\Debug\link.8172-rc.write.1.tlog
C:\Users\Björnligan\Documents\Playground\x64\Debug\link.8172.read.1.tlog
C:\Users\Björnligan\Documents\Playground\x64\Debug\link.8172.read.2.tlog
C:\Users\Björnligan\Documents\Playground\x64\Debug\link.8172.write.1.tlog
C:\Users\Björnligan\Documents\Playground\x64\Debug\link.8184-cvtres.read.1.tlog
C:\Users\Björnligan\Documents\Playground\x64\Debug\link.8184-cvtres.write.1.tlog
C:\Users\Björnligan\Documents\Playground\x64\Debug\link.8184-rc.read.1.tlog
C:\Users\Björnligan\Documents\Playground\x64\Debug\link.8184-rc.write.1.tlog
C:\Users\Björnligan\Documents\Playground\x64\Debug\link.8184.read.1.tlog
C:\Users\Björnligan\Documents\Playground\x64\Debug\link.8184.read.2.tlog
C:\Users\Björnligan\Documents\Playground\x64\Debug\link.8184.write.1.tlog
C:\Users\Björnligan\Documents\Playground\x64\Debug\link.8240-cvtres.read.1.tlog
C:\Users\Björnligan\Documents\Playground\x64\Debug\link.8240-cvtres.write.1.tlog
C:\Users\Björnligan\Documents\Playground\x64\Debug\link.8240-rc.read.1.tlog
C:\Users\Björnligan\Documents\Playground\x64\Debug\link.8240-rc.write.1.tlog
C:\Users\Björnligan\Documents\Playground\x64\Debug\link.8240.read.1.tlog
C:\Users\Björnligan\Documents\Playground\x64\Debug\link.8240.read.2.tlog
C:\Users\Björnligan\Documents\Playground\x64\Debug\link.8240.write.1.tlog
C:\Users\Björnligan\Documents\Playground\x64\Debug\link.8336-cvtres.read.1.tlog
C:\Users\Björnligan\Documents\Playground\x64\Debug\link.8336-cvtres.write.1.tlog
C:\Users\Björnligan\Documents\Playground\x64\Debug\link.8336-rc.read.1.tlog
C:\Users\Björnligan\Documents\Playground\x64\Debug\link.8336-rc.write.1.tlog
C:\Users\Björnligan\Documents\Playground\x64\Debug\link.8336.read.1.tlog
C:\Users\Björnligan\Documents\Playground\x64\Debug\link.8336.read.2.tlog
C:\Users\Björnligan\Documents\Playground\x64\Debug\link.8336.write.1.tlog
C:\Users\Björnligan\Documents\Playground\x64\Debug\link.9252-cvtres.read.1.tlog
C:\Users\Björnligan\Documents\Playground\x64\Debug\link.9252-cvtres.write.1.tlog
C:\Users\Björnligan\Documents\Playground\x64\Debug\link.9252-rc.read.1.tlog
C:\Users\Björnligan\Documents\Playground\x64\Debug\link.9252-rc.write.1.tlog
C:\Users\Björnligan\Documents\Playground\x64\Debug\link.9252.read.1.tlog
C:\Users\Björnligan\Documents\Playground\x64\Debug\link.9252.read.2.tlog
C:\Users\Björnligan\Documents\Playground\x64\Debug\link.9252.write.1.tlog
C:\Users\Björnligan\Documents\Playground\x64\Debug\link.9328-cvtres.read.1.tlog
C:\Users\Björnligan\Documents\Playground\x64\Debug\link.9328-cvtres.write.1.tlog
C:\Users\Björnligan\Documents\Playground\x64\Debug\link.9328-rc.read.1.tlog
C:\Users\Björnligan\Documents\Playground\x64\Debug\link.9328-rc.write.1.tlog
C:\Users\Björnligan\Documents\Playground\x64\Debug\link.9328.read.1.tlog
C:\Users\Björnligan\Documents\Playground\x64\Debug\link.9328.read.2.tlog
C:\Users\Björnligan\Documents\Playground\x64\Debug\link.9328.write.1.tlog
C:\Users\Björnligan\Documents\Playground\x64\Debug\link.9608-cvtres.read.1.tlog
C:\Users\Björnligan\Documents\Playground\x64\Debug\link.9608-cvtres.write.1.tlog
C:\Users\Björnligan\Documents\Playground\x64\Debug\link.9608-rc.read.1.tlog
C:\Users\Björnligan\Documents\Playground\x64\Debug\link.9608-rc.write.1.tlog
C:\Users\Björnligan\Documents\Playground\x64\Debug\link.9608.read.1.tlog
C:\Users\Björnligan\Documents\Playground\x64\Debug\link.9608.read.2.tlog
C:\Users\Björnligan\Documents\Playground\x64\Debug\link.9608.write.1.tlog
C:\Users\Björnligan\Documents\Playground\x64\Debug\link.command.1.tlog
C:\Users\Björnligan\Documents\Playground\x64\Debug\link.read.1.tlog
C:\Users\Björnligan\Documents\Playground\x64\Debug\link.read.2.tlog
C:\Users\Björnligan\Documents\Playground\x64\Debug\link.write.1.tlog
C:\Users\Björnligan\Documents\Playground\x64\Debug\vc110.idb
C:\Users\Björnligan\Documents\Playground\x64\Debug\Playground.pdb
C:\Users\Björnligan\Documents\Playground\x64\Debug\vc110.pdb
